#
# There is insufficient memory for the Java Runtime Environment to continue.
# Native memory allocation (malloc) failed to allocate 64176 bytes for Chunk::new
# Possible reasons:
#   The system is out of physical RAM or swap space
#   The process is running with CompressedOops enabled, and the Java Heap may be blocking the growth of the native heap
# Possible solutions:
#   Reduce memory load on the system
#   Increase physical memory or swap space
#   Check if swap backing store is full
#   Decrease Java heap size (-Xmx/-Xms)
#   Decrease number of Java threads
#   Decrease Java thread stack sizes (-Xss)
#   Set larger code cache with -XX:ReservedCodeCacheSize=
#   JVM is running with Zero Based Compressed Oops mode in which the Java heap is
#     placed in the first 32GB address space. The Java Heap base address is the
#     maximum limit for the native heap growth. Please use -XX:HeapBaseMinAddress
#     to set the Java Heap base and to place the Java Heap above 32GB virtual address.
# This output file may be truncated or incomplete.
#
#  Out of Memory Error (arena.cpp:168), pid=23220, tid=25460
#
# JRE version: Java(TM) SE Runtime Environment (21.0.9+7) (build 21.0.9+7-LTS-338)
# Java VM: Java HotSpot(TM) 64-Bit Server VM (21.0.9+7-LTS-338, mixed mode, sharing, tiered, compressed oops, compressed class ptrs, g1 gc, windows-amd64)
# No core dump will be written. Minidumps are not enabled by default on client versions of Windows
#

---------------  S U M M A R Y ------------

Command Line: --enable-native-access=ALL-UNNAMED -Dclassworlds.conf=C:\Program Files\maven-mvnd-1.0.3-windows-amd64\mvn\bin\m2.conf -Dmaven.home=C:\Program Files\maven-mvnd-1.0.3-windows-amd64\mvn -Dlibrary.jansi.path=C:\Program Files\maven-mvnd-1.0.3-windows-amd64\mvn\lib\jansi-native -Dmaven.multiModuleProjectDirectory=C:\Users\xplic\Documents\vscode\datarango\messaging org.codehaus.plexus.classworlds.launcher.Launcher cleans

Host: 12th Gen Intel(R) Core(TM) i7-12700H, 20 cores, 15G,  Windows 11 , 64 bit Build 26100 (10.0.26100.7309)
Time: Thu Dec  4 11:08:20 2025 W. Central Africa Standard Time elapsed time: 3.022691 seconds (0d 0h 0m 3s)

---------------  T H R E A D  ---------------

Current thread (0x0000021279515850):  JavaThread "C2 CompilerThread2" daemon [_thread_in_native, id=25460, stack(0x000000d271f00000,0x000000d272000000) (1024K)]


Current CompileTask:
C2:   3022 2206       4       jdk.internal.org.objectweb.asm.Frame::execute (2305 bytes)

Stack: [0x000000d271f00000,0x000000d272000000]
Native frames: (J=compiled Java code, j=interpreted, Vv=VM code, C=native code)
V  [jvm.dll+0x6cbf89]
V  [jvm.dll+0x858421]
V  [jvm.dll+0x85a94e]
V  [jvm.dll+0x85b023]
V  [jvm.dll+0x27ebc6]
V  [jvm.dll+0xc4f4d]
V  [jvm.dll+0xc5483]
V  [jvm.dll+0x5d7629]
V  [jvm.dll+0x382954]
V  [jvm.dll+0x381d9a]
V  [jvm.dll+0x247640]
V  [jvm.dll+0x246c1f]
V  [jvm.dll+0x1c7a3e]
V  [jvm.dll+0x256329]
V  [jvm.dll+0x2548ba]
V  [jvm.dll+0x3efdee]
V  [jvm.dll+0x80265b]
V  [jvm.dll+0x6ca66d]
C  [ucrtbase.dll+0x37b0]
C  [KERNEL32.DLL+0x2e8d7]
C  [ntdll.dll+0x8c53c]


---------------  P R O C E S S  ---------------

Threads class SMR info:
_java_thread_list=0x000002127eb10090, length=13, elements={
0x000002125945f280, 0x00000212794fbf30, 0x00000212794feaa0, 0x00000212795019a0,
0x0000021279505990, 0x0000021279503540, 0x00000212795065a0, 0x0000021279514bb0,
0x0000021279518800, 0x00000212798296c0, 0x000002127983bb40, 0x0000021279517a60,
0x0000021279515850
}

Java Threads: ( => current thread )
  0x000002125945f280 JavaThread "main"                              [_thread_blocked, id=57412, stack(0x000000d270900000,0x000000d270a00000) (1024K)]
  0x00000212794fbf30 JavaThread "Reference Handler"          daemon [_thread_blocked, id=57232, stack(0x000000d271100000,0x000000d271200000) (1024K)]
  0x00000212794feaa0 JavaThread "Finalizer"                  daemon [_thread_blocked, id=2100, stack(0x000000d271200000,0x000000d271300000) (1024K)]
  0x00000212795019a0 JavaThread "Signal Dispatcher"          daemon [_thread_blocked, id=26292, stack(0x000000d271300000,0x000000d271400000) (1024K)]
  0x0000021279505990 JavaThread "Attach Listener"            daemon [_thread_blocked, id=43868, stack(0x000000d271400000,0x000000d271500000) (1024K)]
  0x0000021279503540 JavaThread "Service Thread"             daemon [_thread_blocked, id=58360, stack(0x000000d271500000,0x000000d271600000) (1024K)]
  0x00000212795065a0 JavaThread "Monitor Deflation Thread"   daemon [_thread_blocked, id=11608, stack(0x000000d271600000,0x000000d271700000) (1024K)]
  0x0000021279514bb0 JavaThread "C2 CompilerThread0"         daemon [_thread_in_native, id=38444, stack(0x000000d271700000,0x000000d271800000) (1024K)]
  0x0000021279518800 JavaThread "C1 CompilerThread0"         daemon [_thread_in_native, id=29868, stack(0x000000d271800000,0x000000d271900000) (1024K)]
  0x00000212798296c0 JavaThread "Notification Thread"        daemon [_thread_blocked, id=48748, stack(0x000000d271a00000,0x000000d271b00000) (1024K)]
  0x000002127983bb40 JavaThread "Common-Cleaner"             daemon [_thread_blocked, id=54984, stack(0x000000d271b00000,0x000000d271c00000) (1024K)]
  0x0000021279517a60 JavaThread "C2 CompilerThread1"         daemon [_thread_blocked, id=54000, stack(0x000000d271e00000,0x000000d271f00000) (1024K)]
=>0x0000021279515850 JavaThread "C2 CompilerThread2"         daemon [_thread_in_native, id=25460, stack(0x000000d271f00000,0x000000d272000000) (1024K)]
Total: 13

Other Threads:
  0x00000212794e28e0 VMThread "VM Thread"                           [id=51144, stack(0x000000d271000000,0x000000d271100000) (1024K)]
  0x00000212794c4b30 WatcherThread "VM Periodic Task Thread"        [id=7132, stack(0x000000d270f00000,0x000000d271000000) (1024K)]
  0x00000212594c1650 WorkerThread "GC Thread#0"                     [id=16056, stack(0x000000d270a00000,0x000000d270b00000) (1024K)]
  0x000002127ea7e3f0 WorkerThread "GC Thread#1"                     [id=21444, stack(0x000000d272000000,0x000000d272100000) (1024K)]
  0x000002127ea4f410 WorkerThread "GC Thread#2"                     [id=47516, stack(0x000000d272100000,0x000000d272200000) (1024K)]
  0x000002127ea4f7c0 WorkerThread "GC Thread#3"                     [id=3300, stack(0x000000d272200000,0x000000d272300000) (1024K)]
  0x000002127e978e30 WorkerThread "GC Thread#4"                     [id=51596, stack(0x000000d272300000,0x000000d272400000) (1024K)]
  0x000002127e9795f0 WorkerThread "GC Thread#5"                     [id=37732, stack(0x000000d272400000,0x000000d272500000) (1024K)]
  0x000002127ebf0490 WorkerThread "GC Thread#6"                     [id=49200, stack(0x000000d272500000,0x000000d272600000) (1024K)]
  0x000002127ebf0840 WorkerThread "GC Thread#7"                     [id=27588, stack(0x000000d272600000,0x000000d272700000) (1024K)]
  0x000002127eea04b0 WorkerThread "GC Thread#8"                     [id=45728, stack(0x000000d272700000,0x000000d272800000) (1024K)]
  0x000002127f002380 WorkerThread "GC Thread#9"                     [id=41404, stack(0x000000d272800000,0x000000d272900000) (1024K)]
  0x00000212594d2f90 ConcurrentGCThread "G1 Main Marker"            [id=27584, stack(0x000000d270b00000,0x000000d270c00000) (1024K)]
  0x00000212594d4240 WorkerThread "G1 Conc#0"                       [id=18848, stack(0x000000d270c00000,0x000000d270d00000) (1024K)]
  0x0000021279390dd0 ConcurrentGCThread "G1 Refine#0"               [id=57532, stack(0x000000d270d00000,0x000000d270e00000) (1024K)]
  0x0000021279393960 ConcurrentGCThread "G1 Service"                [id=56504, stack(0x000000d270e00000,0x000000d270f00000) (1024K)]
Total: 16

Threads with active compile tasks:
C2 CompilerThread0     3034 2221       4       java.util.concurrent.locks.ReentrantLock::unlock (10 bytes)
C1 CompilerThread0     3034 2230       3       java.util.IdentityHashMap::hash (18 bytes)
C2 CompilerThread2     3034 2206       4       jdk.internal.org.objectweb.asm.Frame::execute (2305 bytes)
Total: 3

VM state: not at safepoint (normal execution)

VM Mutex/Monitor currently owned by a thread: None

Heap address: 0x0000000705400000, size: 4012 MB, Compressed Oops mode: Zero based, Oop shift amount: 3

CDS archive(s) mapped at: [0x0000021200000000-0x0000021200c90000-0x0000021200c90000), size 13172736, SharedBaseAddress: 0x0000021200000000, ArchiveRelocationMode: 1.
Compressed class space mapped at: 0x0000021201000000-0x0000021241000000, reserved size: 1073741824
Narrow klass base: 0x0000021200000000, Narrow klass shift: 0, Narrow klass range: 0x100000000

GC Precious Log:
 CardTable entry size: 512
 Card Set container configuration: InlinePtr #cards 4 size 8 Array Of Cards #cards 16 size 48 Howl #buckets 8 coarsen threshold 3686 Howl Bitmap #cards 512 size 80 coarsen threshold 460 Card regions per heap region 1 cards per card region 4096
 CPUs: 20 total, 20 available
 Memory: 16044M
 Large Page Support: Disabled
 NUMA Support: Disabled
 Compressed Oops: Enabled (Zero based)
 Heap Region Size: 2M
 Heap Min Capacity: 8M
 Heap Initial Capacity: 252M
 Heap Max Capacity: 4012M
 Pre-touch: Disabled
 Parallel Workers: 15
 Concurrent Workers: 4
 Concurrent Refinement Workers: 15
 Periodic GC: Disabled

Heap:
 garbage-first heap   total 258048K, used 13776K [0x0000000705400000, 0x0000000800000000)
  region size 2048K, 6 young (12288K), 1 survivors (2048K)
 Metaspace       used 11342K, committed 11520K, reserved 1114112K
  class space    used 1337K, committed 1408K, reserved 1048576K

Heap Regions: E=young(eden), S=young(survivor), O=old, HS=humongous(starts), HC=humongous(continues), CS=collection set, F=free, TAMS=top-at-mark-start, PB=parsable bottom
|   0|0x0000000705400000, 0x0000000705600000, 0x0000000705600000|100%| O|  |TAMS 0x0000000705400000| PB 0x0000000705400000| Untracked 
|   1|0x0000000705600000, 0x00000007057a91a8, 0x0000000705800000| 83%| O|  |TAMS 0x0000000705600000| PB 0x0000000705600000| Untracked 
|   2|0x0000000705800000, 0x0000000705800000, 0x0000000705a00000|  0%| F|  |TAMS 0x0000000705800000| PB 0x0000000705800000| Untracked 
|   3|0x0000000705a00000, 0x0000000705a00000, 0x0000000705c00000|  0%| F|  |TAMS 0x0000000705a00000| PB 0x0000000705a00000| Untracked 
|   4|0x0000000705c00000, 0x0000000705c00000, 0x0000000705e00000|  0%| F|  |TAMS 0x0000000705c00000| PB 0x0000000705c00000| Untracked 
|   5|0x0000000705e00000, 0x0000000705e00000, 0x0000000706000000|  0%| F|  |TAMS 0x0000000705e00000| PB 0x0000000705e00000| Untracked 
|   6|0x0000000706000000, 0x0000000706000000, 0x0000000706200000|  0%| F|  |TAMS 0x0000000706000000| PB 0x0000000706000000| Untracked 
|   7|0x0000000706200000, 0x0000000706200000, 0x0000000706400000|  0%| F|  |TAMS 0x0000000706200000| PB 0x0000000706200000| Untracked 
|   8|0x0000000706400000, 0x0000000706400000, 0x0000000706600000|  0%| F|  |TAMS 0x0000000706400000| PB 0x0000000706400000| Untracked 
|   9|0x0000000706600000, 0x0000000706600000, 0x0000000706800000|  0%| F|  |TAMS 0x0000000706600000| PB 0x0000000706600000| Untracked 
|  10|0x0000000706800000, 0x0000000706800000, 0x0000000706a00000|  0%| F|  |TAMS 0x0000000706800000| PB 0x0000000706800000| Untracked 
|  11|0x0000000706a00000, 0x0000000706a00000, 0x0000000706c00000|  0%| F|  |TAMS 0x0000000706a00000| PB 0x0000000706a00000| Untracked 
|  12|0x0000000706c00000, 0x0000000706c00000, 0x0000000706e00000|  0%| F|  |TAMS 0x0000000706c00000| PB 0x0000000706c00000| Untracked 
|  13|0x0000000706e00000, 0x0000000706e00000, 0x0000000707000000|  0%| F|  |TAMS 0x0000000706e00000| PB 0x0000000706e00000| Untracked 
|  14|0x0000000707000000, 0x0000000707000000, 0x0000000707200000|  0%| F|  |TAMS 0x0000000707000000| PB 0x0000000707000000| Untracked 
|  15|0x0000000707200000, 0x0000000707200000, 0x0000000707400000|  0%| F|  |TAMS 0x0000000707200000| PB 0x0000000707200000| Untracked 
|  16|0x0000000707400000, 0x0000000707400000, 0x0000000707600000|  0%| F|  |TAMS 0x0000000707400000| PB 0x0000000707400000| Untracked 
|  17|0x0000000707600000, 0x0000000707600000, 0x0000000707800000|  0%| F|  |TAMS 0x0000000707600000| PB 0x0000000707600000| Untracked 
|  18|0x0000000707800000, 0x0000000707800000, 0x0000000707a00000|  0%| F|  |TAMS 0x0000000707800000| PB 0x0000000707800000| Untracked 
|  19|0x0000000707a00000, 0x0000000707a00000, 0x0000000707c00000|  0%| F|  |TAMS 0x0000000707a00000| PB 0x0000000707a00000| Untracked 
|  20|0x0000000707c00000, 0x0000000707c00000, 0x0000000707e00000|  0%| F|  |TAMS 0x0000000707c00000| PB 0x0000000707c00000| Untracked 
|  21|0x0000000707e00000, 0x0000000707e00000, 0x0000000708000000|  0%| F|  |TAMS 0x0000000707e00000| PB 0x0000000707e00000| Untracked 
|  22|0x0000000708000000, 0x0000000708000000, 0x0000000708200000|  0%| F|  |TAMS 0x0000000708000000| PB 0x0000000708000000| Untracked 
|  23|0x0000000708200000, 0x0000000708200000, 0x0000000708400000|  0%| F|  |TAMS 0x0000000708200000| PB 0x0000000708200000| Untracked 
|  24|0x0000000708400000, 0x0000000708400000, 0x0000000708600000|  0%| F|  |TAMS 0x0000000708400000| PB 0x0000000708400000| Untracked 
|  25|0x0000000708600000, 0x0000000708600000, 0x0000000708800000|  0%| F|  |TAMS 0x0000000708600000| PB 0x0000000708600000| Untracked 
|  26|0x0000000708800000, 0x0000000708800000, 0x0000000708a00000|  0%| F|  |TAMS 0x0000000708800000| PB 0x0000000708800000| Untracked 
|  27|0x0000000708a00000, 0x0000000708a00000, 0x0000000708c00000|  0%| F|  |TAMS 0x0000000708a00000| PB 0x0000000708a00000| Untracked 
|  28|0x0000000708c00000, 0x0000000708c00000, 0x0000000708e00000|  0%| F|  |TAMS 0x0000000708c00000| PB 0x0000000708c00000| Untracked 
|  29|0x0000000708e00000, 0x0000000708e00000, 0x0000000709000000|  0%| F|  |TAMS 0x0000000708e00000| PB 0x0000000708e00000| Untracked 
|  30|0x0000000709000000, 0x0000000709000000, 0x0000000709200000|  0%| F|  |TAMS 0x0000000709000000| PB 0x0000000709000000| Untracked 
|  31|0x0000000709200000, 0x0000000709200000, 0x0000000709400000|  0%| F|  |TAMS 0x0000000709200000| PB 0x0000000709200000| Untracked 
|  32|0x0000000709400000, 0x0000000709400000, 0x0000000709600000|  0%| F|  |TAMS 0x0000000709400000| PB 0x0000000709400000| Untracked 
|  33|0x0000000709600000, 0x0000000709600000, 0x0000000709800000|  0%| F|  |TAMS 0x0000000709600000| PB 0x0000000709600000| Untracked 
|  34|0x0000000709800000, 0x0000000709800000, 0x0000000709a00000|  0%| F|  |TAMS 0x0000000709800000| PB 0x0000000709800000| Untracked 
|  35|0x0000000709a00000, 0x0000000709a00000, 0x0000000709c00000|  0%| F|  |TAMS 0x0000000709a00000| PB 0x0000000709a00000| Untracked 
|  36|0x0000000709c00000, 0x0000000709c00000, 0x0000000709e00000|  0%| F|  |TAMS 0x0000000709c00000| PB 0x0000000709c00000| Untracked 
|  37|0x0000000709e00000, 0x0000000709e00000, 0x000000070a000000|  0%| F|  |TAMS 0x0000000709e00000| PB 0x0000000709e00000| Untracked 
|  38|0x000000070a000000, 0x000000070a000000, 0x000000070a200000|  0%| F|  |TAMS 0x000000070a000000| PB 0x000000070a000000| Untracked 
|  39|0x000000070a200000, 0x000000070a200000, 0x000000070a400000|  0%| F|  |TAMS 0x000000070a200000| PB 0x000000070a200000| Untracked 
|  40|0x000000070a400000, 0x000000070a400000, 0x000000070a600000|  0%| F|  |TAMS 0x000000070a400000| PB 0x000000070a400000| Untracked 
|  41|0x000000070a600000, 0x000000070a600000, 0x000000070a800000|  0%| F|  |TAMS 0x000000070a600000| PB 0x000000070a600000| Untracked 
|  42|0x000000070a800000, 0x000000070a800000, 0x000000070aa00000|  0%| F|  |TAMS 0x000000070a800000| PB 0x000000070a800000| Untracked 
|  43|0x000000070aa00000, 0x000000070aa00000, 0x000000070ac00000|  0%| F|  |TAMS 0x000000070aa00000| PB 0x000000070aa00000| Untracked 
|  44|0x000000070ac00000, 0x000000070ac00000, 0x000000070ae00000|  0%| F|  |TAMS 0x000000070ac00000| PB 0x000000070ac00000| Untracked 
|  45|0x000000070ae00000, 0x000000070ae00000, 0x000000070b000000|  0%| F|  |TAMS 0x000000070ae00000| PB 0x000000070ae00000| Untracked 
|  46|0x000000070b000000, 0x000000070b000000, 0x000000070b200000|  0%| F|  |TAMS 0x000000070b000000| PB 0x000000070b000000| Untracked 
|  47|0x000000070b200000, 0x000000070b200000, 0x000000070b400000|  0%| F|  |TAMS 0x000000070b200000| PB 0x000000070b200000| Untracked 
|  48|0x000000070b400000, 0x000000070b400000, 0x000000070b600000|  0%| F|  |TAMS 0x000000070b400000| PB 0x000000070b400000| Untracked 
|  49|0x000000070b600000, 0x000000070b600000, 0x000000070b800000|  0%| F|  |TAMS 0x000000070b600000| PB 0x000000070b600000| Untracked 
|  50|0x000000070b800000, 0x000000070b800000, 0x000000070ba00000|  0%| F|  |TAMS 0x000000070b800000| PB 0x000000070b800000| Untracked 
|  51|0x000000070ba00000, 0x000000070ba00000, 0x000000070bc00000|  0%| F|  |TAMS 0x000000070ba00000| PB 0x000000070ba00000| Untracked 
|  52|0x000000070bc00000, 0x000000070bc00000, 0x000000070be00000|  0%| F|  |TAMS 0x000000070bc00000| PB 0x000000070bc00000| Untracked 
|  53|0x000000070be00000, 0x000000070be00000, 0x000000070c000000|  0%| F|  |TAMS 0x000000070be00000| PB 0x000000070be00000| Untracked 
|  54|0x000000070c000000, 0x000000070c000000, 0x000000070c200000|  0%| F|  |TAMS 0x000000070c000000| PB 0x000000070c000000| Untracked 
|  55|0x000000070c200000, 0x000000070c200000, 0x000000070c400000|  0%| F|  |TAMS 0x000000070c200000| PB 0x000000070c200000| Untracked 
|  56|0x000000070c400000, 0x000000070c400000, 0x000000070c600000|  0%| F|  |TAMS 0x000000070c400000| PB 0x000000070c400000| Untracked 
|  57|0x000000070c600000, 0x000000070c600000, 0x000000070c800000|  0%| F|  |TAMS 0x000000070c600000| PB 0x000000070c600000| Untracked 
|  58|0x000000070c800000, 0x000000070c800000, 0x000000070ca00000|  0%| F|  |TAMS 0x000000070c800000| PB 0x000000070c800000| Untracked 
|  59|0x000000070ca00000, 0x000000070ca00000, 0x000000070cc00000|  0%| F|  |TAMS 0x000000070ca00000| PB 0x000000070ca00000| Untracked 
|  60|0x000000070cc00000, 0x000000070cc00000, 0x000000070ce00000|  0%| F|  |TAMS 0x000000070cc00000| PB 0x000000070cc00000| Untracked 
|  61|0x000000070ce00000, 0x000000070ce00000, 0x000000070d000000|  0%| F|  |TAMS 0x000000070ce00000| PB 0x000000070ce00000| Untracked 
|  62|0x000000070d000000, 0x000000070d000000, 0x000000070d200000|  0%| F|  |TAMS 0x000000070d000000| PB 0x000000070d000000| Untracked 
|  63|0x000000070d200000, 0x000000070d200000, 0x000000070d400000|  0%| F|  |TAMS 0x000000070d200000| PB 0x000000070d200000| Untracked 
|  64|0x000000070d400000, 0x000000070d400000, 0x000000070d600000|  0%| F|  |TAMS 0x000000070d400000| PB 0x000000070d400000| Untracked 
|  65|0x000000070d600000, 0x000000070d600000, 0x000000070d800000|  0%| F|  |TAMS 0x000000070d600000| PB 0x000000070d600000| Untracked 
|  66|0x000000070d800000, 0x000000070d800000, 0x000000070da00000|  0%| F|  |TAMS 0x000000070d800000| PB 0x000000070d800000| Untracked 
|  67|0x000000070da00000, 0x000000070da00000, 0x000000070dc00000|  0%| F|  |TAMS 0x000000070da00000| PB 0x000000070da00000| Untracked 
|  68|0x000000070dc00000, 0x000000070dc00000, 0x000000070de00000|  0%| F|  |TAMS 0x000000070dc00000| PB 0x000000070dc00000| Untracked 
|  69|0x000000070de00000, 0x000000070de00000, 0x000000070e000000|  0%| F|  |TAMS 0x000000070de00000| PB 0x000000070de00000| Untracked 
|  70|0x000000070e000000, 0x000000070e000000, 0x000000070e200000|  0%| F|  |TAMS 0x000000070e000000| PB 0x000000070e000000| Untracked 
|  71|0x000000070e200000, 0x000000070e200000, 0x000000070e400000|  0%| F|  |TAMS 0x000000070e200000| PB 0x000000070e200000| Untracked 
|  72|0x000000070e400000, 0x000000070e400000, 0x000000070e600000|  0%| F|  |TAMS 0x000000070e400000| PB 0x000000070e400000| Untracked 
|  73|0x000000070e600000, 0x000000070e600000, 0x000000070e800000|  0%| F|  |TAMS 0x000000070e600000| PB 0x000000070e600000| Untracked 
|  74|0x000000070e800000, 0x000000070e800000, 0x000000070ea00000|  0%| F|  |TAMS 0x000000070e800000| PB 0x000000070e800000| Untracked 
|  75|0x000000070ea00000, 0x000000070ea00000, 0x000000070ec00000|  0%| F|  |TAMS 0x000000070ea00000| PB 0x000000070ea00000| Untracked 
|  76|0x000000070ec00000, 0x000000070ec00000, 0x000000070ee00000|  0%| F|  |TAMS 0x000000070ec00000| PB 0x000000070ec00000| Untracked 
|  77|0x000000070ee00000, 0x000000070ee00000, 0x000000070f000000|  0%| F|  |TAMS 0x000000070ee00000| PB 0x000000070ee00000| Untracked 
|  78|0x000000070f000000, 0x000000070f000000, 0x000000070f200000|  0%| F|  |TAMS 0x000000070f000000| PB 0x000000070f000000| Untracked 
|  79|0x000000070f200000, 0x000000070f200000, 0x000000070f400000|  0%| F|  |TAMS 0x000000070f200000| PB 0x000000070f200000| Untracked 
|  80|0x000000070f400000, 0x000000070f400000, 0x000000070f600000|  0%| F|  |TAMS 0x000000070f400000| PB 0x000000070f400000| Untracked 
|  81|0x000000070f600000, 0x000000070f600000, 0x000000070f800000|  0%| F|  |TAMS 0x000000070f600000| PB 0x000000070f600000| Untracked 
|  82|0x000000070f800000, 0x000000070f800000, 0x000000070fa00000|  0%| F|  |TAMS 0x000000070f800000| PB 0x000000070f800000| Untracked 
|  83|0x000000070fa00000, 0x000000070fa00000, 0x000000070fc00000|  0%| F|  |TAMS 0x000000070fa00000| PB 0x000000070fa00000| Untracked 
|  84|0x000000070fc00000, 0x000000070fc00000, 0x000000070fe00000|  0%| F|  |TAMS 0x000000070fc00000| PB 0x000000070fc00000| Untracked 
|  85|0x000000070fe00000, 0x000000070fe00000, 0x0000000710000000|  0%| F|  |TAMS 0x000000070fe00000| PB 0x000000070fe00000| Untracked 
|  86|0x0000000710000000, 0x0000000710000000, 0x0000000710200000|  0%| F|  |TAMS 0x0000000710000000| PB 0x0000000710000000| Untracked 
|  87|0x0000000710200000, 0x0000000710200000, 0x0000000710400000|  0%| F|  |TAMS 0x0000000710200000| PB 0x0000000710200000| Untracked 
|  88|0x0000000710400000, 0x0000000710400000, 0x0000000710600000|  0%| F|  |TAMS 0x0000000710400000| PB 0x0000000710400000| Untracked 
|  89|0x0000000710600000, 0x0000000710600000, 0x0000000710800000|  0%| F|  |TAMS 0x0000000710600000| PB 0x0000000710600000| Untracked 
|  90|0x0000000710800000, 0x0000000710800000, 0x0000000710a00000|  0%| F|  |TAMS 0x0000000710800000| PB 0x0000000710800000| Untracked 
|  91|0x0000000710a00000, 0x0000000710a00000, 0x0000000710c00000|  0%| F|  |TAMS 0x0000000710a00000| PB 0x0000000710a00000| Untracked 
|  92|0x0000000710c00000, 0x0000000710c00000, 0x0000000710e00000|  0%| F|  |TAMS 0x0000000710c00000| PB 0x0000000710c00000| Untracked 
|  93|0x0000000710e00000, 0x0000000710e00000, 0x0000000711000000|  0%| F|  |TAMS 0x0000000710e00000| PB 0x0000000710e00000| Untracked 
|  94|0x0000000711000000, 0x0000000711000000, 0x0000000711200000|  0%| F|  |TAMS 0x0000000711000000| PB 0x0000000711000000| Untracked 
|  95|0x0000000711200000, 0x0000000711200000, 0x0000000711400000|  0%| F|  |TAMS 0x0000000711200000| PB 0x0000000711200000| Untracked 
|  96|0x0000000711400000, 0x0000000711400000, 0x0000000711600000|  0%| F|  |TAMS 0x0000000711400000| PB 0x0000000711400000| Untracked 
|  97|0x0000000711600000, 0x0000000711600000, 0x0000000711800000|  0%| F|  |TAMS 0x0000000711600000| PB 0x0000000711600000| Untracked 
|  98|0x0000000711800000, 0x0000000711800000, 0x0000000711a00000|  0%| F|  |TAMS 0x0000000711800000| PB 0x0000000711800000| Untracked 
|  99|0x0000000711a00000, 0x0000000711a00000, 0x0000000711c00000|  0%| F|  |TAMS 0x0000000711a00000| PB 0x0000000711a00000| Untracked 
| 100|0x0000000711c00000, 0x0000000711c00000, 0x0000000711e00000|  0%| F|  |TAMS 0x0000000711c00000| PB 0x0000000711c00000| Untracked 
| 101|0x0000000711e00000, 0x0000000711e00000, 0x0000000712000000|  0%| F|  |TAMS 0x0000000711e00000| PB 0x0000000711e00000| Untracked 
| 102|0x0000000712000000, 0x0000000712000000, 0x0000000712200000|  0%| F|  |TAMS 0x0000000712000000| PB 0x0000000712000000| Untracked 
| 103|0x0000000712200000, 0x0000000712200000, 0x0000000712400000|  0%| F|  |TAMS 0x0000000712200000| PB 0x0000000712200000| Untracked 
| 104|0x0000000712400000, 0x0000000712400000, 0x0000000712600000|  0%| F|  |TAMS 0x0000000712400000| PB 0x0000000712400000| Untracked 
| 105|0x0000000712600000, 0x0000000712600000, 0x0000000712800000|  0%| F|  |TAMS 0x0000000712600000| PB 0x0000000712600000| Untracked 
| 106|0x0000000712800000, 0x0000000712800000, 0x0000000712a00000|  0%| F|  |TAMS 0x0000000712800000| PB 0x0000000712800000| Untracked 
| 107|0x0000000712a00000, 0x0000000712bcafb8, 0x0000000712c00000| 89%| S|CS|TAMS 0x0000000712a00000| PB 0x0000000712a00000| Complete 
| 108|0x0000000712c00000, 0x0000000712c00000, 0x0000000712e00000|  0%| F|  |TAMS 0x0000000712c00000| PB 0x0000000712c00000| Untracked 
| 109|0x0000000712e00000, 0x0000000712e00000, 0x0000000713000000|  0%| F|  |TAMS 0x0000000712e00000| PB 0x0000000712e00000| Untracked 
| 110|0x0000000713000000, 0x0000000713000000, 0x0000000713200000|  0%| F|  |TAMS 0x0000000713000000| PB 0x0000000713000000| Untracked 
| 111|0x0000000713200000, 0x0000000713200000, 0x0000000713400000|  0%| F|  |TAMS 0x0000000713200000| PB 0x0000000713200000| Untracked 
| 112|0x0000000713400000, 0x0000000713400000, 0x0000000713600000|  0%| F|  |TAMS 0x0000000713400000| PB 0x0000000713400000| Untracked 
| 113|0x0000000713600000, 0x0000000713600000, 0x0000000713800000|  0%| F|  |TAMS 0x0000000713600000| PB 0x0000000713600000| Untracked 
| 114|0x0000000713800000, 0x0000000713800000, 0x0000000713a00000|  0%| F|  |TAMS 0x0000000713800000| PB 0x0000000713800000| Untracked 
| 115|0x0000000713a00000, 0x0000000713a00000, 0x0000000713c00000|  0%| F|  |TAMS 0x0000000713a00000| PB 0x0000000713a00000| Untracked 
| 116|0x0000000713c00000, 0x0000000713c00000, 0x0000000713e00000|  0%| F|  |TAMS 0x0000000713c00000| PB 0x0000000713c00000| Untracked 
| 117|0x0000000713e00000, 0x0000000713e00000, 0x0000000714000000|  0%| F|  |TAMS 0x0000000713e00000| PB 0x0000000713e00000| Untracked 
| 118|0x0000000714000000, 0x0000000714000000, 0x0000000714200000|  0%| F|  |TAMS 0x0000000714000000| PB 0x0000000714000000| Untracked 
| 119|0x0000000714200000, 0x0000000714200000, 0x0000000714400000|  0%| F|  |TAMS 0x0000000714200000| PB 0x0000000714200000| Untracked 
| 120|0x0000000714400000, 0x0000000714400000, 0x0000000714600000|  0%| F|  |TAMS 0x0000000714400000| PB 0x0000000714400000| Untracked 
| 121|0x0000000714600000, 0x00000007147451e0, 0x0000000714800000| 63%| E|  |TAMS 0x0000000714600000| PB 0x0000000714600000| Complete 
| 122|0x0000000714800000, 0x0000000714a00000, 0x0000000714a00000|100%| E|CS|TAMS 0x0000000714800000| PB 0x0000000714800000| Complete 
| 123|0x0000000714a00000, 0x0000000714c00000, 0x0000000714c00000|100%| E|CS|TAMS 0x0000000714a00000| PB 0x0000000714a00000| Complete 
| 124|0x0000000714c00000, 0x0000000714e00000, 0x0000000714e00000|100%| E|CS|TAMS 0x0000000714c00000| PB 0x0000000714c00000| Complete 
| 125|0x0000000714e00000, 0x0000000715000000, 0x0000000715000000|100%| E|CS|TAMS 0x0000000714e00000| PB 0x0000000714e00000| Complete 

Card table byte_map: [0x0000021271b80000,0x0000021272360000] _byte_map_base: 0x000002126e356000

Marking Bits: (CMBitMap*) 0x00000212594c1d60
 Bits: [0x0000021272360000, 0x0000021276210000)

Polling page: 0x0000021257070000

Metaspace:

Usage:
  Non-class:      9.77 MB used.
      Class:      1.31 MB used.
       Both:     11.08 MB used.

Virtual space:
  Non-class space:       64.00 MB reserved,       9.88 MB ( 15%) committed,  1 nodes.
      Class space:        1.00 GB reserved,       1.38 MB ( <1%) committed,  1 nodes.
             Both:        1.06 GB reserved,      11.25 MB (  1%) committed. 

Chunk freelists:
   Non-Class:  4.86 MB
       Class:  14.62 MB
        Both:  19.48 MB

MaxMetaspaceSize: unlimited
CompressedClassSpaceSize: 1.00 GB
Initial GC threshold: 21.00 MB
Current GC threshold: 21.00 MB
CDS: on
 - commit_granule_bytes: 65536.
 - commit_granule_words: 8192.
 - virtual_space_node_default_size: 8388608.
 - enlarge_chunks_in_place: 1.
 - use_allocation_guard: 0.


Internal statistics:

num_allocs_failed_limit: 0.
num_arena_births: 116.
num_arena_deaths: 0.
num_vsnodes_births: 2.
num_vsnodes_deaths: 0.
num_space_committed: 180.
num_space_uncommitted: 0.
num_chunks_returned_to_freelist: 0.
num_chunks_taken_from_freelist: 466.
num_chunk_merges: 0.
num_chunk_splits: 338.
num_chunks_enlarged: 288.
num_inconsistent_stats: 0.

CodeHeap 'non-profiled nmethods': size=119168Kb used=844Kb max_used=844Kb free=118323Kb
 bounds [0x00000212694a0000, 0x0000021269710000, 0x0000021270900000]
CodeHeap 'profiled nmethods': size=119104Kb used=4385Kb max_used=4385Kb free=114718Kb
 bounds [0x0000021261900000, 0x0000021261d50000, 0x0000021268d50000]
CodeHeap 'non-nmethods': size=7488Kb used=1937Kb max_used=3102Kb free=5550Kb
 bounds [0x0000021268d50000, 0x0000021269060000, 0x00000212694a0000]
 total_blobs=2710 nmethods=2238 adapters=375
 compilation: enabled
              stopped_count=0, restarted_count=0
 full_count=0

Compilation events (20 events):
Event: 1.005 Thread 0x0000021279517390 nmethod 2200 0x0000021261d39190 code [0x0000021261d39340, 0x0000021261d394c0]
Event: 1.005 Thread 0x0000021279518800 nmethod 2199 0x0000021261d39590 code [0x0000021261d39740, 0x0000021261d39998]
Event: 1.005 Thread 0x0000021279515850 nmethod 2159 0x000002126956e010 code [0x000002126956e1c0, 0x000002126956e578]
Event: 1.005 Thread 0x0000021279517a60 nmethod 2166 0x000002126956e710 code [0x000002126956e8c0, 0x000002126956ec00]
Event: 1.007 Thread 0x0000021279518800 2201       3       java.lang.ClassLoader::checkName (37 bytes)
Event: 1.007 Thread 0x0000021279518800 nmethod 2201 0x0000021261d39a90 code [0x0000021261d39cc0, 0x0000021261d3a500]
Event: 1.011 Thread 0x0000021279514bb0 2202       4       java.util.ArrayList::elementAt (4 bytes)
Event: 1.011 Thread 0x0000021279514bb0 nmethod 2202 0x000002126956ee90 code [0x000002126956f020, 0x000002126956f0d0]
Event: 1.012 Thread 0x0000021279514bb0 2203       4       java.lang.reflect.Method::copy (84 bytes)
Event: 1.012 Thread 0x0000021279517a60 2204       4       java.lang.reflect.Method::<init> (68 bytes)
Event: 1.013 Thread 0x0000021279516cc0 2205       1       jdk.internal.org.objectweb.asm.SymbolTable::getClassName (5 bytes)
Event: 1.013 Thread 0x0000021279516cc0 nmethod 2205 0x000002126956f190 code [0x000002126956f320, 0x000002126956f3f0]
Event: 1.013 Thread 0x0000021279515850 2206       4       jdk.internal.org.objectweb.asm.Frame::execute (2305 bytes)
Event: 1.013 Thread 0x0000021279517390 2207       3       java.lang.reflect.Proxy$ProxyBuilder::addElementTypes (33 bytes)
Event: 1.014 Thread 0x0000021279518800 2208       3       jdk.internal.org.objectweb.asm.MethodWriter::putFrame (549 bytes)
Event: 1.014 Thread 0x0000021279517390 nmethod 2207 0x0000021261d3a810 code [0x0000021261d3aa20, 0x0000021261d3b0f0]
Event: 1.014 Thread 0x0000021279517390 2209       3       java.util.ArrayList::isClear (21 bytes)
Event: 1.014 Thread 0x0000021279517390 nmethod 2209 0x0000021261d3b410 code [0x0000021261d3b5c0, 0x0000021261d3b748]
Event: 1.015 Thread 0x0000021279514bb0 nmethod 2203 0x000002126956f490 code [0x000002126956f620, 0x000002126956f950]
Event: 1.015 Thread 0x0000021279518800 nmethod 2208 0x0000021261d3b810 code [0x0000021261d3bca0, 0x0000021261d3d820]

GC Heap History (4 events):
Event: 0.508 GC heap before
{Heap before GC invocations=0 (full 0):
 garbage-first heap   total 258048K, used 22528K [0x0000000705400000, 0x0000000800000000)
  region size 2048K, 11 young (22528K), 0 survivors (0K)
 Metaspace       used 5580K, committed 5824K, reserved 1114112K
  class space    used 638K, committed 768K, reserved 1048576K
}
Event: 0.511 GC heap after
{Heap after GC invocations=1 (full 0):
 garbage-first heap   total 258048K, used 3824K [0x0000000705400000, 0x0000000800000000)
  region size 2048K, 2 young (4096K), 2 survivors (4096K)
 Metaspace       used 5580K, committed 5824K, reserved 1114112K
  class space    used 638K, committed 768K, reserved 1048576K
}
Event: 0.889 GC heap before
{Heap before GC invocations=1 (full 0):
 garbage-first heap   total 258048K, used 34544K [0x0000000705400000, 0x0000000800000000)
  region size 2048K, 18 young (36864K), 2 survivors (4096K)
 Metaspace       used 9685K, committed 9856K, reserved 1114112K
  class space    used 1131K, committed 1216K, reserved 1048576K
}
Event: 0.892 GC heap after
{Heap after GC invocations=2 (full 0):
 garbage-first heap   total 258048K, used 5584K [0x0000000705400000, 0x0000000800000000)
  region size 2048K, 1 young (2048K), 1 survivors (2048K)
 Metaspace       used 9685K, committed 9856K, reserved 1114112K
  class space    used 1131K, committed 1216K, reserved 1048576K
}

Dll operation events (8 events):
Event: 0.006 Loaded shared library C:\Program Files\Java\jdk-21\bin\java.dll
Event: 0.026 Loaded shared library C:\Program Files\Java\jdk-21\bin\jsvml.dll
Event: 0.038 Loaded shared library C:\Program Files\Java\jdk-21\bin\net.dll
Event: 0.039 Loaded shared library C:\Program Files\Java\jdk-21\bin\nio.dll
Event: 0.042 Loaded shared library C:\Program Files\Java\jdk-21\bin\zip.dll
Event: 0.167 Loaded shared library C:\Program Files\Java\jdk-21\bin\jimage.dll
Event: 0.167 Loaded shared library C:\Program Files\maven-mvnd-1.0.3-windows-amd64\mvn\lib\jansi-native\Windows\x86_64\jansi.dll
Event: 0.179 Loaded shared library C:\Program Files\Java\jdk-21\bin\verify.dll

Deoptimization events (20 events):
Event: 0.899 Thread 0x000002125945f280 Uncommon trap: trap_request=0xffffffc6 fr.pc=0x000002126955e2bc relative=0x00000000000002dc
Event: 0.899 Thread 0x000002125945f280 Uncommon trap: reason=bimorphic_or_optimized_type_check action=maybe_recompile pc=0x000002126955e2bc method=java.util.HashMap.getNode(Ljava/lang/Object;)Ljava/util/HashMap$Node; @ 128 c2
Event: 0.899 Thread 0x000002125945f280 DEOPT PACKING pc=0x000002126955e2bc sp=0x000000d2709fe640
Event: 0.899 Thread 0x000002125945f280 DEOPT UNPACKING pc=0x0000021268da46a2 sp=0x000000d2709fe548 mode 2
Event: 0.979 Thread 0x000002125945f280 Uncommon trap: trap_request=0xffffff45 fr.pc=0x0000021269524110 relative=0x00000000000002d0
Event: 0.979 Thread 0x000002125945f280 Uncommon trap: reason=unstable_if action=reinterpret pc=0x0000021269524110 method=java.util.concurrent.ConcurrentHashMap.get(Ljava/lang/Object;)Ljava/lang/Object; @ 76 c2
Event: 0.979 Thread 0x000002125945f280 DEOPT PACKING pc=0x0000021269524110 sp=0x000000d2709fb600
Event: 0.979 Thread 0x000002125945f280 DEOPT UNPACKING pc=0x0000021268da46a2 sp=0x000000d2709fb578 mode 2
Event: 0.985 Thread 0x000002125945f280 Uncommon trap: trap_request=0xffffff45 fr.pc=0x000002126955ee18 relative=0x0000000000000618
Event: 0.985 Thread 0x000002125945f280 Uncommon trap: reason=unstable_if action=reinterpret pc=0x000002126955ee18 method=java.lang.Integer.getChars(II[B)I @ 25 c2
Event: 0.985 Thread 0x000002125945f280 DEOPT PACKING pc=0x000002126955ee18 sp=0x000000d2709fdff0
Event: 0.985 Thread 0x000002125945f280 DEOPT UNPACKING pc=0x0000021268da46a2 sp=0x000000d2709fdf38 mode 2
Event: 0.993 Thread 0x000002125945f280 Uncommon trap: trap_request=0xffffff45 fr.pc=0x000002126952f0fc relative=0x000000000000023c
Event: 0.993 Thread 0x000002125945f280 Uncommon trap: reason=unstable_if action=reinterpret pc=0x000002126952f0fc method=java.lang.ClassLoader.checkName(Ljava/lang/String;)Z @ 1 c2
Event: 0.993 Thread 0x000002125945f280 DEOPT PACKING pc=0x000002126952f0fc sp=0x000000d2709fdd60
Event: 0.993 Thread 0x000002125945f280 DEOPT UNPACKING pc=0x0000021268da46a2 sp=0x000000d2709fdcf8 mode 2
Event: 0.999 Thread 0x000002125945f280 Uncommon trap: trap_request=0xffffff45 fr.pc=0x000002126956c310 relative=0x0000000000000c10
Event: 0.999 Thread 0x000002125945f280 Uncommon trap: reason=unstable_if action=reinterpret pc=0x000002126956c310 method=jdk.internal.org.objectweb.asm.SymbolTable.put(Ljdk/internal/org/objectweb/asm/SymbolTable$Entry;)Ljdk/internal/org/objectweb/asm/SymbolTable$Entry; @ 13 c2
Event: 0.999 Thread 0x000002125945f280 DEOPT PACKING pc=0x000002126956c310 sp=0x000000d2709fda90
Event: 0.999 Thread 0x000002125945f280 DEOPT UNPACKING pc=0x0000021268da46a2 sp=0x000000d2709fd9c8 mode 2

Classes loaded (20 events):
Event: 0.935 Loading class java/nio/channels/FileLock
Event: 0.935 Loading class java/nio/channels/FileLock done
Event: 0.950 Loading class java/nio/file/AccessDeniedException
Event: 0.950 Loading class java/nio/file/FileSystemException
Event: 0.950 Loading class java/nio/file/FileSystemException done
Event: 0.950 Loading class java/nio/file/AccessDeniedException done
Event: 0.976 Loading class java/lang/ExceptionInInitializerError
Event: 0.976 Loading class java/lang/ExceptionInInitializerError done
Event: 0.976 Loading class sun/misc/Unsafe
Event: 0.976 Loading class sun/misc/Unsafe done
Event: 0.976 Loading class java/lang/invoke/DirectMethodHandle$StaticAccessor
Event: 0.976 Loading class java/lang/invoke/DirectMethodHandle$StaticAccessor done
Event: 0.979 Loading class jdk/internal/vm/annotation/ForceInline
Event: 0.979 Loading class jdk/internal/vm/annotation/ForceInline done
Event: 0.988 Loading class sun/invoke/util/ValueConversions$1
Event: 0.988 Loading class sun/invoke/util/ValueConversions$1 done
Event: 0.988 Loading class java/lang/invoke/BoundMethodHandle$Species_LI
Event: 0.988 Loading class java/lang/invoke/BoundMethodHandle$Species_LI done
Event: 0.992 Loading class jdk/internal/org/objectweb/asm/ClassReader
Event: 0.992 Loading class jdk/internal/org/objectweb/asm/ClassReader done

Classes unloaded (0 events):
No events

Classes redefined (0 events):
No events

Internal exceptions (20 events):
Event: 0.187 Thread 0x000002125945f280 Exception <a 'java/lang/NoSuchMethodError'{0x000000071495ee18}: 'void java.lang.invoke.DirectMethodHandle$Holder.invokeStaticInit(java.lang.Object, java.lang.Object)'> (0x000000071495ee18) 
thrown [s\open\src\hotspot\share\interpreter\linkResolver.cpp, line 773]
Event: 0.194 Thread 0x000002125945f280 Exception <a 'java/lang/NoSuchMethodError'{0x0000000714999420}: 'void java.lang.invoke.DirectMethodHandle$Holder.invokeStatic(java.lang.Object, java.lang.Object, java.lang.Object)'> (0x0000000714999420) 
thrown [s\open\src\hotspot\share\interpreter\linkResolver.cpp, line 773]
Event: 0.242 Thread 0x000002125945f280 Exception <a 'java/lang/NoSuchMethodError'{0x00000007147163b8}: 'java.lang.Object java.lang.invoke.DirectMethodHandle$Holder.invokeSpecialIFC(java.lang.Object, java.lang.Object, java.lang.Object, java.lang.Object)'> (0x00000007147163b8) 
thrown [s\open\src\hotspot\share\interpreter\linkResolver.cpp, line 773]
Event: 0.382 Thread 0x000002125945f280 Exception <a 'java/lang/NoSuchMethodError'{0x00000007141d5d98}: 'void java.lang.invoke.DirectMethodHandle$Holder.invokeSpecial(java.lang.Object, java.lang.Object, java.lang.Object)'> (0x00000007141d5d98) 
thrown [s\open\src\hotspot\share\interpreter\linkResolver.cpp, line 773]
Event: 0.409 Thread 0x000002125945f280 Exception <a 'java/lang/NoSuchMethodError'{0x0000000713f35980}: 'java.lang.Object java.lang.invoke.DirectMethodHandle$Holder.invokeInterface(java.lang.Object, java.lang.Object)'> (0x0000000713f35980) 
thrown [s\open\src\hotspot\share\interpreter\linkResolver.cpp, line 773]
Event: 0.423 Thread 0x000002125945f280 Exception <a 'java/lang/NoSuchMethodError'{0x0000000713fd7bc8}: 'int java.lang.invoke.DirectMethodHandle$Holder.invokeStatic(java.lang.Object, java.lang.Object, java.lang.Object, java.lang.Object)'> (0x0000000713fd7bc8) 
thrown [s\open\src\hotspot\share\interpreter\linkResolver.cpp, line 773]
Event: 0.423 Thread 0x000002125945f280 Exception <a 'java/lang/NoSuchMethodError'{0x0000000713fdb258}: 'java.lang.Object java.lang.invoke.Invokers$Holder.invokeExact_MT(java.lang.Object, java.lang.Object, java.lang.Object, java.lang.Object, java.lang.Object, java.lang.Object)'> (0x0000000713fdb258) 
thrown [s\open\src\hotspot\share\interpreter\linkResolver.cpp, line 773]
Event: 0.425 Thread 0x000002125945f280 Exception <a 'java/lang/NoSuchMethodError'{0x0000000713fe9b30}: 'int java.lang.invoke.DirectMethodHandle$Holder.invokeSpecialIFC(java.lang.Object, java.lang.Object, java.lang.Object, java.lang.Object, java.lang.Object)'> (0x0000000713fe9b30) 
thrown [s\open\src\hotspot\share\interpreter\linkResolver.cpp, line 773]
Event: 0.463 Thread 0x000002125945f280 Exception <a 'java/lang/NoSuchMethodError'{0x0000000713d8abd0}: 'java.lang.Object java.lang.invoke.DirectMethodHandle$Holder.newInvokeSpecial(java.lang.Object, java.lang.Object, java.lang.Object, java.lang.Object, java.lang.Object)'> (0x0000000713d8abd0) 
thrown [s\open\src\hotspot\share\interpreter\linkResolver.cpp, line 773]
Event: 0.487 Thread 0x000002125945f280 Exception <a 'java/lang/NoSuchMethodError'{0x0000000713aa9bb8}: 'int java.lang.invoke.DirectMethodHandle$Holder.invokeStaticInit(java.lang.Object, java.lang.Object)'> (0x0000000713aa9bb8) 
thrown [s\open\src\hotspot\share\interpreter\linkResolver.cpp, line 773]
Event: 0.494 Thread 0x000002125945f280 Exception <a 'java/lang/NoClassDefFoundError'{0x0000000713ae1908}: javax/enterprise/inject/Typed> (0x0000000713ae1908) 
thrown [s\open\src\hotspot\share\classfile\systemDictionary.cpp, line 301]
Event: 0.973 Thread 0x000002125945f280 Exception <a 'java/lang/NoSuchMethodError'{0x0000000714bb5768}: 'void java.lang.invoke.DirectMethodHandle$Holder.invokeStaticInit(java.lang.Object, java.lang.Object, java.lang.Object)'> (0x0000000714bb5768) 
thrown [s\open\src\hotspot\share\interpreter\linkResolver.cpp, line 773]
Event: 0.978 Thread 0x000002125945f280 Exception <a 'java/lang/ExceptionInInitializerError'{0x0000000714be48e0}> (0x0000000714be48e0) 
thrown [s\open\src\hotspot\share\oops\instanceKlass.cpp, line 1192]
Event: 0.988 Thread 0x000002125945f280 Exception <a 'java/lang/NoSuchMethodError'{0x000000071484eba8}: 'long java.lang.invoke.DirectMethodHandle$Holder.invokeStatic(java.lang.Object, java.lang.Object, int)'> (0x000000071484eba8) 
thrown [s\open\src\hotspot\share\interpreter\linkResolver.cpp, line 773]
Event: 0.989 Thread 0x000002125945f280 Exception <a 'java/lang/NoSuchMethodError'{0x0000000714861c80}: 'java.lang.Object java.lang.invoke.DirectMethodHandle$Holder.invokeStatic(java.lang.Object, java.lang.Object, java.lang.Object, java.lang.Object, int)'> (0x0000000714861c80) 
thrown [s\open\src\hotspot\share\interpreter\linkResolver.cpp, line 773]
Event: 0.989 Thread 0x000002125945f280 Exception <a 'java/lang/NoSuchMethodError'{0x0000000714869bb8}: 'java.lang.Object java.lang.invoke.DirectMethodHandle$Holder.invokeSpecial(java.lang.Object, java.lang.Object, java.lang.Object, java.lang.Object, long)'> (0x0000000714869bb8) 
thrown [s\open\src\hotspot\share\interpreter\linkResolver.cpp, line 773]
Event: 0.990 Thread 0x000002125945f280 Exception <a 'java/lang/NoSuchMethodError'{0x0000000714875480}: 'java.lang.Object java.lang.invoke.DirectMethodHandle$Holder.invokeSpecial(java.lang.Object, java.lang.Object, java.lang.Object, int, java.lang.Object)'> (0x0000000714875480) 
thrown [s\open\src\hotspot\share\interpreter\linkResolver.cpp, line 773]
Event: 0.991 Thread 0x000002125945f280 Exception <a 'java/lang/NoSuchMethodError'{0x000000071487d5c0}: 'int java.lang.invoke.DirectMethodHandle$Holder.invokeSpecial(java.lang.Object, java.lang.Object, java.lang.Object, int)'> (0x000000071487d5c0) 
thrown [s\open\src\hotspot\share\interpreter\linkResolver.cpp, line 773]
Event: 0.993 Thread 0x000002125945f280 Implicit null exception at 0x000002126952eedd to 0x000002126952f0e8
Event: 0.994 Thread 0x000002125945f280 Exception <a 'java/lang/NoSuchMethodError'{0x00000007148a1da8}: 'java.lang.Object java.lang.invoke.Invokers$Holder.invokeExact_MT(java.lang.Object, int, java.lang.Object)'> (0x00000007148a1da8) 
thrown [s\open\src\hotspot\share\interpreter\linkResolver.cpp, line 773]

ZGC Phase Switch (0 events):
No events

VM Operations (20 events):
Event: 0.162 Executing VM operation: HandshakeAllThreads (Deoptimize)
Event: 0.162 Executing VM operation: HandshakeAllThreads (Deoptimize) done
Event: 0.169 Executing VM operation: HandshakeAllThreads (Deoptimize)
Event: 0.169 Executing VM operation: HandshakeAllThreads (Deoptimize) done
Event: 0.507 Executing VM operation: ICBufferFull
Event: 0.508 Executing VM operation: ICBufferFull done
Event: 0.508 Executing VM operation: G1CollectForAllocation (G1 Evacuation Pause)
Event: 0.511 Executing VM operation: G1CollectForAllocation (G1 Evacuation Pause) done
Event: 0.794 Executing VM operation: HandshakeAllThreads (Deoptimize)
Event: 0.794 Executing VM operation: HandshakeAllThreads (Deoptimize) done
Event: 0.809 Executing VM operation: HandshakeAllThreads (Deoptimize)
Event: 0.809 Executing VM operation: HandshakeAllThreads (Deoptimize) done
Event: 0.861 Executing VM operation: ICBufferFull
Event: 0.861 Executing VM operation: ICBufferFull done
Event: 0.889 Executing VM operation: G1CollectForAllocation (G1 Evacuation Pause)
Event: 0.892 Executing VM operation: G1CollectForAllocation (G1 Evacuation Pause) done
Event: 0.982 Executing VM operation: HandshakeAllThreads (Deoptimize)
Event: 0.982 Executing VM operation: HandshakeAllThreads (Deoptimize) done
Event: 1.982 Executing VM operation: Cleanup
Event: 1.982 Executing VM operation: Cleanup done

Events (18 events):
Event: 0.016 Thread 0x000002125945f280 Thread added: 0x000002125945f280
Event: 0.025 Thread 0x00000212794fbf30 Thread added: 0x00000212794fbf30
Event: 0.025 Thread 0x00000212794feaa0 Thread added: 0x00000212794feaa0
Event: 0.025 Thread 0x00000212795019a0 Thread added: 0x00000212795019a0
Event: 0.025 Thread 0x0000021279505990 Thread added: 0x0000021279505990
Event: 0.025 Thread 0x0000021279503540 Thread added: 0x0000021279503540
Event: 0.025 Thread 0x00000212795065a0 Thread added: 0x00000212795065a0
Event: 0.025 Thread 0x0000021279514bb0 Thread added: 0x0000021279514bb0
Event: 0.025 Thread 0x0000021279518800 Thread added: 0x0000021279518800
Event: 0.031 Thread 0x0000021279517390 Thread added: 0x0000021279517390
Event: 0.034 Thread 0x00000212798296c0 Thread added: 0x00000212798296c0
Event: 0.036 Thread 0x000002127983bb40 Thread added: 0x000002127983bb40
Event: 0.165 Thread 0x0000021279a291b0 Thread added: 0x0000021279a291b0
Event: 0.174 Thread 0x0000021279a291b0 Thread exited: 0x0000021279a291b0
Event: 0.266 Thread 0x00000212795165f0 Thread added: 0x00000212795165f0
Event: 0.266 Thread 0x0000021279516cc0 Thread added: 0x0000021279516cc0
Event: 0.276 Thread 0x0000021279517a60 Thread added: 0x0000021279517a60
Event: 0.501 Thread 0x0000021279515850 Thread added: 0x0000021279515850


Dynamic libraries:
0x00007ff720450000 - 0x00007ff720460000 	C:\Program Files\Java\jdk-21\bin\java.exe
0x00007ffb66740000 - 0x00007ffb669a7000 	C:\WINDOWS\SYSTEM32\ntdll.dll
0x00007ffb64d90000 - 0x00007ffb64e59000 	C:\WINDOWS\System32\KERNEL32.DLL
0x00007ffb63b30000 - 0x00007ffb63f1f000 	C:\WINDOWS\System32\KERNELBASE.dll
0x00007ffb64150000 - 0x00007ffb6429b000 	C:\WINDOWS\System32\ucrtbase.dll
0x00007ffb31570000 - 0x00007ffb31589000 	C:\Program Files\Java\jdk-21\bin\jli.dll
0x00007ffb39510000 - 0x00007ffb3952b000 	C:\Program Files\Java\jdk-21\bin\VCRUNTIME140.dll
0x00007ffb652a0000 - 0x00007ffb65354000 	C:\WINDOWS\System32\ADVAPI32.dll
0x00007ffb64f60000 - 0x00007ffb65009000 	C:\WINDOWS\System32\msvcrt.dll
0x00007ffb64750000 - 0x00007ffb647f6000 	C:\WINDOWS\System32\sechost.dll
0x00007ffb645e0000 - 0x00007ffb646f8000 	C:\WINDOWS\System32\RPCRT4.dll
0x00007ffb64a00000 - 0x00007ffb64bc5000 	C:\WINDOWS\System32\USER32.dll
0x00007ffb48230000 - 0x00007ffb484c3000 	C:\WINDOWS\WinSxS\amd64_microsoft.windows.common-controls_6595b64144ccf1df_6.0.26100.7309_none_3e05feeae336a044\COMCTL32.dll
0x00007ffb644b0000 - 0x00007ffb644d7000 	C:\WINDOWS\System32\win32u.dll
0x00007ffb666d0000 - 0x00007ffb666fb000 	C:\WINDOWS\System32\GDI32.dll
0x00007ffb63890000 - 0x00007ffb639bc000 	C:\WINDOWS\System32\gdi32full.dll
0x00007ffb639c0000 - 0x00007ffb63a63000 	C:\WINDOWS\System32\msvcp_win.dll
0x00007ffb5b680000 - 0x00007ffb5b68b000 	C:\WINDOWS\SYSTEM32\VERSION.dll
0x00007ffb644e0000 - 0x00007ffb64511000 	C:\WINDOWS\System32\IMM32.DLL
0x00007ffb601f0000 - 0x00007ffb601fc000 	C:\Program Files\Java\jdk-21\bin\vcruntime140_1.dll
0x00007ffb273f0000 - 0x00007ffb2747e000 	C:\Program Files\Java\jdk-21\bin\msvcp140.dll
0x00007ffae3b90000 - 0x00007ffae48ad000 	C:\Program Files\Java\jdk-21\bin\server\jvm.dll
0x00007ffb64d10000 - 0x00007ffb64d84000 	C:\WINDOWS\System32\WS2_32.dll
0x00007ffb624a0000 - 0x00007ffb624fe000 	C:\WINDOWS\SYSTEM32\POWRPROF.dll
0x00007ffb55f10000 - 0x00007ffb55f45000 	C:\WINDOWS\SYSTEM32\WINMM.dll
0x00007ffb62480000 - 0x00007ffb62494000 	C:\WINDOWS\SYSTEM32\UMPDC.dll
0x00007ffb62760000 - 0x00007ffb6277b000 	C:\WINDOWS\SYSTEM32\kernel.appcore.dll
0x00007ffb583a0000 - 0x00007ffb583aa000 	C:\Program Files\Java\jdk-21\bin\jimage.dll
0x00007ffb61000000 - 0x00007ffb61242000 	C:\WINDOWS\SYSTEM32\DBGHELP.DLL
0x00007ffb65c70000 - 0x00007ffb65ff6000 	C:\WINDOWS\System32\combase.dll
0x00007ffb64bd0000 - 0x00007ffb64ca6000 	C:\WINDOWS\System32\OLEAUT32.dll
0x00007ffb2c6f0000 - 0x00007ffb2c72c000 	C:\WINDOWS\SYSTEM32\dbgcore.DLL
0x00007ffb63f30000 - 0x00007ffb63fd5000 	C:\WINDOWS\System32\bcryptPrimitives.dll
0x00007ffb2a520000 - 0x00007ffb2a53f000 	C:\Program Files\Java\jdk-21\bin\java.dll
0x00007ffb65510000 - 0x00007ffb65c63000 	C:\WINDOWS\System32\SHELL32.dll
0x00007ffb63fe0000 - 0x00007ffb6414a000 	C:\WINDOWS\System32\wintypes.dll
0x00007ffb61480000 - 0x00007ffb61cde000 	C:\WINDOWS\SYSTEM32\windows.storage.dll
0x00007ffb64e60000 - 0x00007ffb64f54000 	C:\WINDOWS\System32\SHCORE.dll
0x00007ffb64980000 - 0x00007ffb649e6000 	C:\WINDOWS\System32\shlwapi.dll
0x00007ffb637b0000 - 0x00007ffb637d9000 	C:\WINDOWS\SYSTEM32\profapi.dll
0x00007ffb1d840000 - 0x00007ffb1d917000 	C:\Program Files\Java\jdk-21\bin\jsvml.dll
0x00007ffb50d40000 - 0x00007ffb50d50000 	C:\Program Files\Java\jdk-21\bin\net.dll
0x00007ffb5c060000 - 0x00007ffb5c188000 	C:\WINDOWS\SYSTEM32\WINHTTP.dll
0x00007ffb62cd0000 - 0x00007ffb62d3b000 	C:\WINDOWS\system32\mswsock.dll
0x00007ffb27670000 - 0x00007ffb27686000 	C:\Program Files\Java\jdk-21\bin\nio.dll
0x00007ffb254b0000 - 0x00007ffb254c8000 	C:\Program Files\Java\jdk-21\bin\zip.dll
0x00007ffb23f60000 - 0x00007ffb23f84000 	C:\Program Files\maven-mvnd-1.0.3-windows-amd64\mvn\lib\jansi-native\Windows\x86_64\jansi.dll
0x00007ffb60210000 - 0x00007ffb60220000 	C:\Program Files\Java\jdk-21\bin\verify.dll

dbghelp: loaded successfully - version: 4.0.5 - missing functions: none
symbol engine: initialized successfully - sym options: 0x614 - pdb path: .;C:\Program Files\Java\jdk-21\bin;C:\WINDOWS\SYSTEM32;C:\WINDOWS\WinSxS\amd64_microsoft.windows.common-controls_6595b64144ccf1df_6.0.26100.7309_none_3e05feeae336a044;C:\Program Files\Java\jdk-21\bin\server;C:\Program Files\maven-mvnd-1.0.3-windows-amd64\mvn\lib\jansi-native\Windows\x86_64

VM Arguments:
jvm_args: --enable-native-access=ALL-UNNAMED -Dclassworlds.conf=C:\Program Files\maven-mvnd-1.0.3-windows-amd64\mvn\bin\m2.conf -Dmaven.home=C:\Program Files\maven-mvnd-1.0.3-windows-amd64\mvn -Dlibrary.jansi.path=C:\Program Files\maven-mvnd-1.0.3-windows-amd64\mvn\lib\jansi-native -Dmaven.multiModuleProjectDirectory=C:\Users\xplic\Documents\vscode\datarango\messaging 
java_command: org.codehaus.plexus.classworlds.launcher.Launcher cleans
java_class_path (initial): C:\Program Files\maven-mvnd-1.0.3-windows-amd64\mvn\boot\plexus-classworlds-2.9.0.jar
Launcher Type: SUN_STANDARD

[Global flags]
     intx CICompilerCount                          = 12                                        {product} {ergonomic}
     uint ConcGCThreads                            = 4                                         {product} {ergonomic}
     uint G1ConcRefinementThreads                  = 15                                        {product} {ergonomic}
   size_t G1HeapRegionSize                         = 2097152                                   {product} {ergonomic}
    uintx GCDrainStackTargetSize                   = 64                                        {product} {ergonomic}
   size_t InitialHeapSize                          = 264241152                                 {product} {ergonomic}
   size_t MarkStackSize                            = 4194304                                   {product} {ergonomic}
   size_t MaxHeapSize                              = 4206886912                                {product} {ergonomic}
   size_t MaxNewSize                               = 2522873856                                {product} {ergonomic}
   size_t MinHeapDeltaBytes                        = 2097152                                   {product} {ergonomic}
   size_t MinHeapSize                              = 8388608                                   {product} {ergonomic}
    uintx NonNMethodCodeHeapSize                   = 7602480                                {pd product} {ergonomic}
    uintx NonProfiledCodeHeapSize                  = 122027880                              {pd product} {ergonomic}
    uintx ProfiledCodeHeapSize                     = 122027880                              {pd product} {ergonomic}
    uintx ReservedCodeCacheSize                    = 251658240                              {pd product} {ergonomic}
     bool SegmentedCodeCache                       = true                                      {product} {ergonomic}
   size_t SoftMaxHeapSize                          = 4206886912                             {manageable} {ergonomic}
     bool UseCompressedOops                        = true                           {product lp64_product} {ergonomic}
     bool UseG1GC                                  = true                                      {product} {ergonomic}
     bool UseLargePagesIndividualAllocation        = false                                  {pd product} {ergonomic}

Logging:
Log output configuration:
 #0: stdout all=warning uptime,level,tags foldmultilines=false
 #1: stderr all=off uptime,level,tags foldmultilines=false

Environment Variables:
PATH=C:\Python314\Scripts\;C:\Python314\;C:\Program Files\Common Files\Oracle\Java\javapath;C:\Python314\Scripts\;C:\Python314\;C:\Program Files\Common Files\Oracle\Java\javapath;C:\Python314\Scripts\;C:\Python314\;C:\Program Files\Common Files\Oracle\Java\javapath;C:\WINDOWS\System32;%JAVA_HOME%\bin;C:\Program Files\nodejs\;%JAVA_HOME%\bin;C:\Program Files\nodejs\;%JAVA_HOME%\bin;C:\Program Files\nodejs\;c:\Users\xplic\AppData\Local\Programs\Trae\bin;C:\Users\xplic\AppData\Local\pnpm;C:\Users\xplic\.cargo\bin;C:\Users\xplic\AppData\Local\Microsoft\WindowsApps;C:\Users\xplic\.dotnet\tools;C:\Users\xplic\AppData\Local\Programs\cursor\resources\app\bin;C:\Users\xplic\go\bin;C:\Users\xplic\platform-tools;C:\Users\xplic\AppData\Local\Microsoft\WinGet\Packages\Task.Task_Microsoft.Winget.Source_8wekyb3d8bbwe;C:\Users\xplic\AppData\Local\Programs\Microsoft VS Code\bin;C:\Users\xplic\AppData\Local\Microsoft\WindowsApps\PythonSoftwareFoundation.Python.3.12_qbz5n2kfra8p0\python.exe;C:\Users\xplic\AppData\Local\Packages\PythonSoftwareFoundation.Python.3.12_qbz5n2kfra8p0\LocalCache\local-packages\Python312\Scripts;C:\Program Files\PostgreSQL\18\bin;C:\Users\xplic\AppData\Local\Microsoft\WinGet\Packages\Google.Protobuf_Microsoft.Winget.Source_8wekyb3d8bbwe\bin;C:\Users\xplic\.dotnet\tools;C:\Program Files\maven-mvnd-1.0.3-windows-amd64\bin;C:\Program Files\maven-mvnd-1.0.3-windows-amd64\mvn\bin;C:\ProgramData\chocolatey\bin;C:\Program Files\Java\jdk-21\bin;C:\Program Files\Git\bin;C:\Users\xplic\AppData\Roaming\npm
USERNAME=xplic
LANG=en_US.UTF-8
OS=Windows_NT
PROCESSOR_IDENTIFIER=Intel64 Family 6 Model 154 Stepping 3, GenuineIntel
TMP=C:\Users\xplic\AppData\Local\Temp
TEMP=C:\Users\xplic\AppData\Local\Temp




Periodic native trim disabled

---------------  S Y S T E M  ---------------

OS:
 Windows 11 , 64 bit Build 26100 (10.0.26100.7309)
OS uptime: 0 days 17:10 hours
Hyper-V role detected

CPU: total 20 (initial active 20) (10 cores per cpu, 2 threads per core) family 6 model 154 stepping 3 microcode 0x423, cx8, cmov, fxsr, ht, mmx, 3dnowpref, sse, sse2, sse3, ssse3, sse4.1, sse4.2, popcnt, lzcnt, tsc, tscinvbit, avx, avx2, aes, erms, clmul, bmi1, bmi2, adx, sha, fma, vzeroupper, clflush, clflushopt, clwb, hv, serialize, rdtscp, rdpid, fsrm, f16c, cet_ibt, cet_ss
Processor Information for processor 0
  Max Mhz: 2300, Current Mhz: 2300, Mhz Limit: 2300
Processor Information for processor 1
  Max Mhz: 2300, Current Mhz: 2300, Mhz Limit: 2300
Processor Information for processor 2
  Max Mhz: 2300, Current Mhz: 2300, Mhz Limit: 2300
Processor Information for processor 3
  Max Mhz: 2300, Current Mhz: 2300, Mhz Limit: 2300
Processor Information for processor 4
  Max Mhz: 2300, Current Mhz: 2300, Mhz Limit: 2300
Processor Information for processor 5
  Max Mhz: 2300, Current Mhz: 2300, Mhz Limit: 2300
Processor Information for processor 6
  Max Mhz: 2300, Current Mhz: 2300, Mhz Limit: 2300
Processor Information for processor 7
  Max Mhz: 2300, Current Mhz: 2300, Mhz Limit: 2300
Processor Information for processor 8
  Max Mhz: 2300, Current Mhz: 2300, Mhz Limit: 2300
Processor Information for processor 9
  Max Mhz: 2300, Current Mhz: 2300, Mhz Limit: 2300
Processor Information for processor 10
  Max Mhz: 2300, Current Mhz: 2300, Mhz Limit: 2300
Processor Information for processor 11
  Max Mhz: 2300, Current Mhz: 2300, Mhz Limit: 2300
Processor Information for processor 12
  Max Mhz: 2300, Current Mhz: 1700, Mhz Limit: 1679
Processor Information for processor 13
  Max Mhz: 2300, Current Mhz: 1700, Mhz Limit: 1679
Processor Information for processor 14
  Max Mhz: 2300, Current Mhz: 1700, Mhz Limit: 1679
Processor Information for processor 15
  Max Mhz: 2300, Current Mhz: 1700, Mhz Limit: 1679
Processor Information for processor 16
  Max Mhz: 2300, Current Mhz: 1700, Mhz Limit: 1679
Processor Information for processor 17
  Max Mhz: 2300, Current Mhz: 1700, Mhz Limit: 1679
Processor Information for processor 18
  Max Mhz: 2300, Current Mhz: 1700, Mhz Limit: 1679
Processor Information for processor 19
  Max Mhz: 2300, Current Mhz: 1700, Mhz Limit: 1679

Memory: 4k page, system-wide physical 16044M (568M free)
TotalPageFile size 65196M (AvailPageFile size 3M)
current process WorkingSet (physical memory assigned to process): 120M, peak: 120M
current process commit charge ("private bytes"): 388M, peak: 389M

vm_info: Java HotSpot(TM) 64-Bit Server VM (21.0.9+7-LTS-338) for windows-amd64 JRE (21.0.9+7-LTS-338), built on 2025-09-26T06:33:49Z by "mach5run" with MS VC++ 17.6 (VS2022)

END.
