#
# There is insufficient memory for the Java Runtime Environment to continue.
# Native memory allocation (malloc) failed to allocate 145744 bytes for Chunk::new
# Possible reasons:
#   The system is out of physical RAM or swap space
#   The process is running with CompressedOops enabled, and the Java Heap may be blocking the growth of the native heap
# Possible solutions:
#   Reduce memory load on the system
#   Increase physical memory or swap space
#   Check if swap backing store is full
#   Decrease Java heap size (-Xmx/-Xms)
#   Decrease number of Java threads
#   Decrease Java thread stack sizes (-Xss)
#   Set larger code cache with -XX:ReservedCodeCacheSize=
#   JVM is running with Zero Based Compressed Oops mode in which the Java heap is
#     placed in the first 32GB address space. The Java Heap base address is the
#     maximum limit for the native heap growth. Please use -XX:HeapBaseMinAddress
#     to set the Java Heap base and to place the Java Heap above 32GB virtual address.
# This output file may be truncated or incomplete.
#
#  Out of Memory Error (arena.cpp:168), pid=20296, tid=42008
#
# JRE version: Java(TM) SE Runtime Environment (21.0.9+7) (build 21.0.9+7-LTS-338)
# Java VM: Java HotSpot(TM) 64-Bit Server VM (21.0.9+7-LTS-338, mixed mode, sharing, tiered, compressed oops, compressed class ptrs, g1 gc, windows-amd64)
# No core dump will be written. Minidumps are not enabled by default on client versions of Windows
#

---------------  S U M M A R Y ------------

Command Line: --enable-native-access=ALL-UNNAMED -Dclassworlds.conf=C:\Program Files\maven-mvnd-1.0.3-windows-amd64\mvn\bin\m2.conf -Dmaven.home=C:\Program Files\maven-mvnd-1.0.3-windows-amd64\mvn -Dlibrary.jansi.path=C:\Program Files\maven-mvnd-1.0.3-windows-amd64\mvn\lib\jansi-native -Dmaven.multiModuleProjectDirectory=C:\Users\xplic\Documents\vscode\datarango\messaging org.codehaus.plexus.classworlds.launcher.Launcher cleans

Host: 12th Gen Intel(R) Core(TM) i7-12700H, 20 cores, 15G,  Windows 11 , 64 bit Build 26100 (10.0.26100.7309)
Time: Thu Dec  4 11:08:13 2025 W. Central Africa Standard Time elapsed time: 4.893190 seconds (0d 0h 0m 4s)

---------------  T H R E A D  ---------------

Current thread (0x000002757e988270):  JavaThread "C2 CompilerThread2" daemon [_thread_in_native, id=42008, stack(0x0000007b7a700000,0x0000007b7a800000) (1024K)]


Current CompileTask:
C2:   4893 3602       4       org.apache.maven.model.validation.DefaultModelValidator::validateId (120 bytes)

Stack: [0x0000007b7a700000,0x0000007b7a800000]
Native frames: (J=compiled Java code, j=interpreted, Vv=VM code, C=native code)
V  [jvm.dll+0x6cbf89]
V  [jvm.dll+0x858421]
V  [jvm.dll+0x85a94e]
V  [jvm.dll+0x85b023]
V  [jvm.dll+0x27ebc6]
V  [jvm.dll+0xc4f4d]
V  [jvm.dll+0xc5483]
V  [jvm.dll+0x3b69fc]
V  [jvm.dll+0x1e0363]
V  [jvm.dll+0x247792]
V  [jvm.dll+0x246c1f]
V  [jvm.dll+0x1c7a3e]
V  [jvm.dll+0x256329]
V  [jvm.dll+0x2548ba]
V  [jvm.dll+0x3efdee]
V  [jvm.dll+0x80265b]
V  [jvm.dll+0x6ca66d]
C  [ucrtbase.dll+0x37b0]
C  [KERNEL32.DLL+0x2e8d7]
C  [ntdll.dll+0x8c53c]


---------------  P R O C E S S  ---------------

Threads class SMR info:
_java_thread_list=0x000002757ee620a0, length=15, elements={
0x00000275596ef760, 0x0000027579768b60, 0x00000275797697c0, 0x000002757976e340,
0x000002757976eda0, 0x000002757976f800, 0x000002757977a280, 0x00000275798c03c0,
0x00000275798c0e60, 0x00000275799bf450, 0x0000027579accaa0, 0x0000027579ad1970,
0x000002757e28feb0, 0x000002757e988270, 0x000002757eec0ca0
}

Java Threads: ( => current thread )
  0x00000275596ef760 JavaThread "main"                              [_thread_in_Java, id=30184, stack(0x0000007b79100000,0x0000007b79200000) (1024K)]
  0x0000027579768b60 JavaThread "Reference Handler"          daemon [_thread_blocked, id=19044, stack(0x0000007b79900000,0x0000007b79a00000) (1024K)]
  0x00000275797697c0 JavaThread "Finalizer"                  daemon [_thread_blocked, id=32656, stack(0x0000007b79a00000,0x0000007b79b00000) (1024K)]
  0x000002757976e340 JavaThread "Signal Dispatcher"          daemon [_thread_blocked, id=18208, stack(0x0000007b79b00000,0x0000007b79c00000) (1024K)]
  0x000002757976eda0 JavaThread "Attach Listener"            daemon [_thread_blocked, id=47320, stack(0x0000007b79c00000,0x0000007b79d00000) (1024K)]
  0x000002757976f800 JavaThread "Service Thread"             daemon [_thread_blocked, id=49232, stack(0x0000007b79d00000,0x0000007b79e00000) (1024K)]
  0x000002757977a280 JavaThread "Monitor Deflation Thread"   daemon [_thread_blocked, id=47000, stack(0x0000007b79e00000,0x0000007b79f00000) (1024K)]
  0x00000275798c03c0 JavaThread "C2 CompilerThread0"         daemon [_thread_in_native, id=57064, stack(0x0000007b79f00000,0x0000007b7a000000) (1024K)]
  0x00000275798c0e60 JavaThread "C1 CompilerThread0"         daemon [_thread_in_vm, id=56356, stack(0x0000007b7a000000,0x0000007b7a100000) (1024K)]
  0x00000275799bf450 JavaThread "C1 CompilerThread1"         daemon [_thread_in_native, id=24436, stack(0x0000007b7a100000,0x0000007b7a200000) (1024K)]
  0x0000027579accaa0 JavaThread "Notification Thread"        daemon [_thread_blocked, id=42756, stack(0x0000007b7a200000,0x0000007b7a300000) (1024K)]
  0x0000027579ad1970 JavaThread "Common-Cleaner"             daemon [_thread_blocked, id=7204, stack(0x0000007b7a300000,0x0000007b7a400000) (1024K)]
  0x000002757e28feb0 JavaThread "C2 CompilerThread1"         daemon [_thread_blocked, id=49884, stack(0x0000007b7a600000,0x0000007b7a700000) (1024K)]
=>0x000002757e988270 JavaThread "C2 CompilerThread2"         daemon [_thread_in_native, id=42008, stack(0x0000007b7a700000,0x0000007b7a800000) (1024K)]
  0x000002757eec0ca0 JavaThread "Thread-1"                   daemon [_thread_blocked, id=47048, stack(0x0000007b7b100000,0x0000007b7b200000) (1024K)]
Total: 15

Other Threads:
  0x000002757974c940 VMThread "VM Thread"                           [id=43764, stack(0x0000007b79800000,0x0000007b79900000) (1024K)]
  0x0000027579739340 WatcherThread "VM Periodic Task Thread"        [id=53564, stack(0x0000007b79700000,0x0000007b79800000) (1024K)]
  0x00000275597520e0 WorkerThread "GC Thread#0"                     [id=20728, stack(0x0000007b79200000,0x0000007b79300000) (1024K)]
  0x000002757eb125d0 WorkerThread "GC Thread#1"                     [id=55576, stack(0x0000007b7a800000,0x0000007b7a900000) (1024K)]
  0x000002757eb12d90 WorkerThread "GC Thread#2"                     [id=55044, stack(0x0000007b7a900000,0x0000007b7aa00000) (1024K)]
  0x000002757eb13140 WorkerThread "GC Thread#3"                     [id=49732, stack(0x0000007b7aa00000,0x0000007b7ab00000) (1024K)]
  0x000002757eb3c270 WorkerThread "GC Thread#4"                     [id=41296, stack(0x0000007b7ab00000,0x0000007b7ac00000) (1024K)]
  0x000002757eb3ca30 WorkerThread "GC Thread#5"                     [id=42268, stack(0x0000007b7ac00000,0x0000007b7ad00000) (1024K)]
  0x000002757ec98900 WorkerThread "GC Thread#6"                     [id=56336, stack(0x0000007b7ad00000,0x0000007b7ae00000) (1024K)]
  0x000002757ecfbc00 WorkerThread "GC Thread#7"                     [id=47464, stack(0x0000007b7ae00000,0x0000007b7af00000) (1024K)]
  0x000002757f05b880 WorkerThread "GC Thread#8"                     [id=37252, stack(0x0000007b7af00000,0x0000007b7b000000) (1024K)]
  0x000002757f061d90 WorkerThread "GC Thread#9"                     [id=44480, stack(0x0000007b7b000000,0x0000007b7b100000) (1024K)]
  0x0000027559762ea0 ConcurrentGCThread "G1 Main Marker"            [id=21220, stack(0x0000007b79300000,0x0000007b79400000) (1024K)]
  0x00000275597653d0 WorkerThread "G1 Conc#0"                       [id=23024, stack(0x0000007b79400000,0x0000007b79500000) (1024K)]
  0x0000027579604030 ConcurrentGCThread "G1 Refine#0"               [id=54852, stack(0x0000007b79500000,0x0000007b79600000) (1024K)]
  0x0000027579606a60 ConcurrentGCThread "G1 Service"                [id=36612, stack(0x0000007b79600000,0x0000007b79700000) (1024K)]
Total: 16

Threads with active compile tasks:
C2 CompilerThread0     4906 3633       4       org.apache.maven.model.validation.DefaultModelValidator::validateEffectiveDependency (631 bytes)
C1 CompilerThread0     4906 3643   !   3       java.lang.invoke.MethodHandles$Lookup::canBeCached (150 bytes)
C1 CompilerThread1     4906 3644       3       jdk.internal.org.objectweb.asm.ClassWriter::toByteArray (1517 bytes)
C2 CompilerThread2     4906 3602       4       org.apache.maven.model.validation.DefaultModelValidator::validateId (120 bytes)
Total: 4

VM state: not at safepoint (normal execution)

VM Mutex/Monitor currently owned by a thread:  ([mutex/lock_event])
[0x00007ffae47cf970] MethodCompileQueue_lock - owner thread: 0x00000275798c0e60
[0x00007ffae47d0cf0] CodeCache_lock - owner thread: 0x00000275798c0e60

Heap address: 0x0000000705400000, size: 4012 MB, Compressed Oops mode: Zero based, Oop shift amount: 3

CDS archive(s) mapped at: [0x0000027500000000-0x0000027500c90000-0x0000027500c90000), size 13172736, SharedBaseAddress: 0x0000027500000000, ArchiveRelocationMode: 1.
Compressed class space mapped at: 0x0000027501000000-0x0000027541000000, reserved size: 1073741824
Narrow klass base: 0x0000027500000000, Narrow klass shift: 0, Narrow klass range: 0x100000000

GC Precious Log:
 CardTable entry size: 512
 Card Set container configuration: InlinePtr #cards 4 size 8 Array Of Cards #cards 16 size 48 Howl #buckets 8 coarsen threshold 3686 Howl Bitmap #cards 512 size 80 coarsen threshold 460 Card regions per heap region 1 cards per card region 4096
 CPUs: 20 total, 20 available
 Memory: 16044M
 Large Page Support: Disabled
 NUMA Support: Disabled
 Compressed Oops: Enabled (Zero based)
 Heap Region Size: 2M
 Heap Min Capacity: 8M
 Heap Initial Capacity: 252M
 Heap Max Capacity: 4012M
 Pre-touch: Disabled
 Parallel Workers: 15
 Concurrent Workers: 4
 Concurrent Refinement Workers: 15
 Periodic GC: Disabled

Heap:
 garbage-first heap   total 258048K, used 48557K [0x0000000705400000, 0x0000000800000000)
  region size 2048K, 23 young (47104K), 1 survivors (2048K)
 Metaspace       used 15416K, committed 15680K, reserved 1114112K
  class space    used 1787K, committed 1920K, reserved 1048576K

Heap Regions: E=young(eden), S=young(survivor), O=old, HS=humongous(starts), HC=humongous(continues), CS=collection set, F=free, TAMS=top-at-mark-start, PB=parsable bottom
|   0|0x0000000705400000, 0x0000000705600000, 0x0000000705600000|100%| O|  |TAMS 0x0000000705400000| PB 0x0000000705400000| Untracked 
|   1|0x0000000705600000, 0x000000070579e678, 0x0000000705800000| 80%| O|  |TAMS 0x0000000705600000| PB 0x0000000705600000| Untracked 
|   2|0x0000000705800000, 0x0000000705800000, 0x0000000705a00000|  0%| F|  |TAMS 0x0000000705800000| PB 0x0000000705800000| Untracked 
|   3|0x0000000705a00000, 0x0000000705a00000, 0x0000000705c00000|  0%| F|  |TAMS 0x0000000705a00000| PB 0x0000000705a00000| Untracked 
|   4|0x0000000705c00000, 0x0000000705c00000, 0x0000000705e00000|  0%| F|  |TAMS 0x0000000705c00000| PB 0x0000000705c00000| Untracked 
|   5|0x0000000705e00000, 0x0000000705e00000, 0x0000000706000000|  0%| F|  |TAMS 0x0000000705e00000| PB 0x0000000705e00000| Untracked 
|   6|0x0000000706000000, 0x0000000706000000, 0x0000000706200000|  0%| F|  |TAMS 0x0000000706000000| PB 0x0000000706000000| Untracked 
|   7|0x0000000706200000, 0x0000000706200000, 0x0000000706400000|  0%| F|  |TAMS 0x0000000706200000| PB 0x0000000706200000| Untracked 
|   8|0x0000000706400000, 0x0000000706400000, 0x0000000706600000|  0%| F|  |TAMS 0x0000000706400000| PB 0x0000000706400000| Untracked 
|   9|0x0000000706600000, 0x0000000706600000, 0x0000000706800000|  0%| F|  |TAMS 0x0000000706600000| PB 0x0000000706600000| Untracked 
|  10|0x0000000706800000, 0x0000000706800000, 0x0000000706a00000|  0%| F|  |TAMS 0x0000000706800000| PB 0x0000000706800000| Untracked 
|  11|0x0000000706a00000, 0x0000000706a00000, 0x0000000706c00000|  0%| F|  |TAMS 0x0000000706a00000| PB 0x0000000706a00000| Untracked 
|  12|0x0000000706c00000, 0x0000000706c00000, 0x0000000706e00000|  0%| F|  |TAMS 0x0000000706c00000| PB 0x0000000706c00000| Untracked 
|  13|0x0000000706e00000, 0x0000000706e00000, 0x0000000707000000|  0%| F|  |TAMS 0x0000000706e00000| PB 0x0000000706e00000| Untracked 
|  14|0x0000000707000000, 0x0000000707000000, 0x0000000707200000|  0%| F|  |TAMS 0x0000000707000000| PB 0x0000000707000000| Untracked 
|  15|0x0000000707200000, 0x0000000707200000, 0x0000000707400000|  0%| F|  |TAMS 0x0000000707200000| PB 0x0000000707200000| Untracked 
|  16|0x0000000707400000, 0x0000000707400000, 0x0000000707600000|  0%| F|  |TAMS 0x0000000707400000| PB 0x0000000707400000| Untracked 
|  17|0x0000000707600000, 0x0000000707600000, 0x0000000707800000|  0%| F|  |TAMS 0x0000000707600000| PB 0x0000000707600000| Untracked 
|  18|0x0000000707800000, 0x0000000707800000, 0x0000000707a00000|  0%| F|  |TAMS 0x0000000707800000| PB 0x0000000707800000| Untracked 
|  19|0x0000000707a00000, 0x0000000707a00000, 0x0000000707c00000|  0%| F|  |TAMS 0x0000000707a00000| PB 0x0000000707a00000| Untracked 
|  20|0x0000000707c00000, 0x0000000707c00000, 0x0000000707e00000|  0%| F|  |TAMS 0x0000000707c00000| PB 0x0000000707c00000| Untracked 
|  21|0x0000000707e00000, 0x0000000707e00000, 0x0000000708000000|  0%| F|  |TAMS 0x0000000707e00000| PB 0x0000000707e00000| Untracked 
|  22|0x0000000708000000, 0x0000000708000000, 0x0000000708200000|  0%| F|  |TAMS 0x0000000708000000| PB 0x0000000708000000| Untracked 
|  23|0x0000000708200000, 0x0000000708200000, 0x0000000708400000|  0%| F|  |TAMS 0x0000000708200000| PB 0x0000000708200000| Untracked 
|  24|0x0000000708400000, 0x0000000708400000, 0x0000000708600000|  0%| F|  |TAMS 0x0000000708400000| PB 0x0000000708400000| Untracked 
|  25|0x0000000708600000, 0x0000000708600000, 0x0000000708800000|  0%| F|  |TAMS 0x0000000708600000| PB 0x0000000708600000| Untracked 
|  26|0x0000000708800000, 0x0000000708800000, 0x0000000708a00000|  0%| F|  |TAMS 0x0000000708800000| PB 0x0000000708800000| Untracked 
|  27|0x0000000708a00000, 0x0000000708a00000, 0x0000000708c00000|  0%| F|  |TAMS 0x0000000708a00000| PB 0x0000000708a00000| Untracked 
|  28|0x0000000708c00000, 0x0000000708c00000, 0x0000000708e00000|  0%| F|  |TAMS 0x0000000708c00000| PB 0x0000000708c00000| Untracked 
|  29|0x0000000708e00000, 0x0000000708e00000, 0x0000000709000000|  0%| F|  |TAMS 0x0000000708e00000| PB 0x0000000708e00000| Untracked 
|  30|0x0000000709000000, 0x0000000709000000, 0x0000000709200000|  0%| F|  |TAMS 0x0000000709000000| PB 0x0000000709000000| Untracked 
|  31|0x0000000709200000, 0x0000000709200000, 0x0000000709400000|  0%| F|  |TAMS 0x0000000709200000| PB 0x0000000709200000| Untracked 
|  32|0x0000000709400000, 0x0000000709400000, 0x0000000709600000|  0%| F|  |TAMS 0x0000000709400000| PB 0x0000000709400000| Untracked 
|  33|0x0000000709600000, 0x0000000709600000, 0x0000000709800000|  0%| F|  |TAMS 0x0000000709600000| PB 0x0000000709600000| Untracked 
|  34|0x0000000709800000, 0x0000000709800000, 0x0000000709a00000|  0%| F|  |TAMS 0x0000000709800000| PB 0x0000000709800000| Untracked 
|  35|0x0000000709a00000, 0x0000000709a00000, 0x0000000709c00000|  0%| F|  |TAMS 0x0000000709a00000| PB 0x0000000709a00000| Untracked 
|  36|0x0000000709c00000, 0x0000000709c00000, 0x0000000709e00000|  0%| F|  |TAMS 0x0000000709c00000| PB 0x0000000709c00000| Untracked 
|  37|0x0000000709e00000, 0x0000000709e00000, 0x000000070a000000|  0%| F|  |TAMS 0x0000000709e00000| PB 0x0000000709e00000| Untracked 
|  38|0x000000070a000000, 0x000000070a000000, 0x000000070a200000|  0%| F|  |TAMS 0x000000070a000000| PB 0x000000070a000000| Untracked 
|  39|0x000000070a200000, 0x000000070a200000, 0x000000070a400000|  0%| F|  |TAMS 0x000000070a200000| PB 0x000000070a200000| Untracked 
|  40|0x000000070a400000, 0x000000070a400000, 0x000000070a600000|  0%| F|  |TAMS 0x000000070a400000| PB 0x000000070a400000| Untracked 
|  41|0x000000070a600000, 0x000000070a600000, 0x000000070a800000|  0%| F|  |TAMS 0x000000070a600000| PB 0x000000070a600000| Untracked 
|  42|0x000000070a800000, 0x000000070a800000, 0x000000070aa00000|  0%| F|  |TAMS 0x000000070a800000| PB 0x000000070a800000| Untracked 
|  43|0x000000070aa00000, 0x000000070aa00000, 0x000000070ac00000|  0%| F|  |TAMS 0x000000070aa00000| PB 0x000000070aa00000| Untracked 
|  44|0x000000070ac00000, 0x000000070ac00000, 0x000000070ae00000|  0%| F|  |TAMS 0x000000070ac00000| PB 0x000000070ac00000| Untracked 
|  45|0x000000070ae00000, 0x000000070ae00000, 0x000000070b000000|  0%| F|  |TAMS 0x000000070ae00000| PB 0x000000070ae00000| Untracked 
|  46|0x000000070b000000, 0x000000070b000000, 0x000000070b200000|  0%| F|  |TAMS 0x000000070b000000| PB 0x000000070b000000| Untracked 
|  47|0x000000070b200000, 0x000000070b200000, 0x000000070b400000|  0%| F|  |TAMS 0x000000070b200000| PB 0x000000070b200000| Untracked 
|  48|0x000000070b400000, 0x000000070b400000, 0x000000070b600000|  0%| F|  |TAMS 0x000000070b400000| PB 0x000000070b400000| Untracked 
|  49|0x000000070b600000, 0x000000070b600000, 0x000000070b800000|  0%| F|  |TAMS 0x000000070b600000| PB 0x000000070b600000| Untracked 
|  50|0x000000070b800000, 0x000000070b800000, 0x000000070ba00000|  0%| F|  |TAMS 0x000000070b800000| PB 0x000000070b800000| Untracked 
|  51|0x000000070ba00000, 0x000000070ba00000, 0x000000070bc00000|  0%| F|  |TAMS 0x000000070ba00000| PB 0x000000070ba00000| Untracked 
|  52|0x000000070bc00000, 0x000000070bc00000, 0x000000070be00000|  0%| F|  |TAMS 0x000000070bc00000| PB 0x000000070bc00000| Untracked 
|  53|0x000000070be00000, 0x000000070be00000, 0x000000070c000000|  0%| F|  |TAMS 0x000000070be00000| PB 0x000000070be00000| Untracked 
|  54|0x000000070c000000, 0x000000070c000000, 0x000000070c200000|  0%| F|  |TAMS 0x000000070c000000| PB 0x000000070c000000| Untracked 
|  55|0x000000070c200000, 0x000000070c200000, 0x000000070c400000|  0%| F|  |TAMS 0x000000070c200000| PB 0x000000070c200000| Untracked 
|  56|0x000000070c400000, 0x000000070c400000, 0x000000070c600000|  0%| F|  |TAMS 0x000000070c400000| PB 0x000000070c400000| Untracked 
|  57|0x000000070c600000, 0x000000070c600000, 0x000000070c800000|  0%| F|  |TAMS 0x000000070c600000| PB 0x000000070c600000| Untracked 
|  58|0x000000070c800000, 0x000000070c800000, 0x000000070ca00000|  0%| F|  |TAMS 0x000000070c800000| PB 0x000000070c800000| Untracked 
|  59|0x000000070ca00000, 0x000000070ca00000, 0x000000070cc00000|  0%| F|  |TAMS 0x000000070ca00000| PB 0x000000070ca00000| Untracked 
|  60|0x000000070cc00000, 0x000000070cc00000, 0x000000070ce00000|  0%| F|  |TAMS 0x000000070cc00000| PB 0x000000070cc00000| Untracked 
|  61|0x000000070ce00000, 0x000000070ce00000, 0x000000070d000000|  0%| F|  |TAMS 0x000000070ce00000| PB 0x000000070ce00000| Untracked 
|  62|0x000000070d000000, 0x000000070d000000, 0x000000070d200000|  0%| F|  |TAMS 0x000000070d000000| PB 0x000000070d000000| Untracked 
|  63|0x000000070d200000, 0x000000070d200000, 0x000000070d400000|  0%| F|  |TAMS 0x000000070d200000| PB 0x000000070d200000| Untracked 
|  64|0x000000070d400000, 0x000000070d400000, 0x000000070d600000|  0%| F|  |TAMS 0x000000070d400000| PB 0x000000070d400000| Untracked 
|  65|0x000000070d600000, 0x000000070d600000, 0x000000070d800000|  0%| F|  |TAMS 0x000000070d600000| PB 0x000000070d600000| Untracked 
|  66|0x000000070d800000, 0x000000070d800000, 0x000000070da00000|  0%| F|  |TAMS 0x000000070d800000| PB 0x000000070d800000| Untracked 
|  67|0x000000070da00000, 0x000000070da00000, 0x000000070dc00000|  0%| F|  |TAMS 0x000000070da00000| PB 0x000000070da00000| Untracked 
|  68|0x000000070dc00000, 0x000000070dc00000, 0x000000070de00000|  0%| F|  |TAMS 0x000000070dc00000| PB 0x000000070dc00000| Untracked 
|  69|0x000000070de00000, 0x000000070de00000, 0x000000070e000000|  0%| F|  |TAMS 0x000000070de00000| PB 0x000000070de00000| Untracked 
|  70|0x000000070e000000, 0x000000070e000000, 0x000000070e200000|  0%| F|  |TAMS 0x000000070e000000| PB 0x000000070e000000| Untracked 
|  71|0x000000070e200000, 0x000000070e200000, 0x000000070e400000|  0%| F|  |TAMS 0x000000070e200000| PB 0x000000070e200000| Untracked 
|  72|0x000000070e400000, 0x000000070e400000, 0x000000070e600000|  0%| F|  |TAMS 0x000000070e400000| PB 0x000000070e400000| Untracked 
|  73|0x000000070e600000, 0x000000070e600000, 0x000000070e800000|  0%| F|  |TAMS 0x000000070e600000| PB 0x000000070e600000| Untracked 
|  74|0x000000070e800000, 0x000000070e800000, 0x000000070ea00000|  0%| F|  |TAMS 0x000000070e800000| PB 0x000000070e800000| Untracked 
|  75|0x000000070ea00000, 0x000000070ea00000, 0x000000070ec00000|  0%| F|  |TAMS 0x000000070ea00000| PB 0x000000070ea00000| Untracked 
|  76|0x000000070ec00000, 0x000000070ec00000, 0x000000070ee00000|  0%| F|  |TAMS 0x000000070ec00000| PB 0x000000070ec00000| Untracked 
|  77|0x000000070ee00000, 0x000000070ee00000, 0x000000070f000000|  0%| F|  |TAMS 0x000000070ee00000| PB 0x000000070ee00000| Untracked 
|  78|0x000000070f000000, 0x000000070f000000, 0x000000070f200000|  0%| F|  |TAMS 0x000000070f000000| PB 0x000000070f000000| Untracked 
|  79|0x000000070f200000, 0x000000070f200000, 0x000000070f400000|  0%| F|  |TAMS 0x000000070f200000| PB 0x000000070f200000| Untracked 
|  80|0x000000070f400000, 0x000000070f400000, 0x000000070f600000|  0%| F|  |TAMS 0x000000070f400000| PB 0x000000070f400000| Untracked 
|  81|0x000000070f600000, 0x000000070f600000, 0x000000070f800000|  0%| F|  |TAMS 0x000000070f600000| PB 0x000000070f600000| Untracked 
|  82|0x000000070f800000, 0x000000070f800000, 0x000000070fa00000|  0%| F|  |TAMS 0x000000070f800000| PB 0x000000070f800000| Untracked 
|  83|0x000000070fa00000, 0x000000070fa00000, 0x000000070fc00000|  0%| F|  |TAMS 0x000000070fa00000| PB 0x000000070fa00000| Untracked 
|  84|0x000000070fc00000, 0x000000070fc00000, 0x000000070fe00000|  0%| F|  |TAMS 0x000000070fc00000| PB 0x000000070fc00000| Untracked 
|  85|0x000000070fe00000, 0x000000070fe00000, 0x0000000710000000|  0%| F|  |TAMS 0x000000070fe00000| PB 0x000000070fe00000| Untracked 
|  86|0x0000000710000000, 0x0000000710000000, 0x0000000710200000|  0%| F|  |TAMS 0x0000000710000000| PB 0x0000000710000000| Untracked 
|  87|0x0000000710200000, 0x0000000710200000, 0x0000000710400000|  0%| F|  |TAMS 0x0000000710200000| PB 0x0000000710200000| Untracked 
|  88|0x0000000710400000, 0x0000000710400000, 0x0000000710600000|  0%| F|  |TAMS 0x0000000710400000| PB 0x0000000710400000| Untracked 
|  89|0x0000000710600000, 0x0000000710600000, 0x0000000710800000|  0%| F|  |TAMS 0x0000000710600000| PB 0x0000000710600000| Untracked 
|  90|0x0000000710800000, 0x0000000710800000, 0x0000000710a00000|  0%| F|  |TAMS 0x0000000710800000| PB 0x0000000710800000| Untracked 
|  91|0x0000000710a00000, 0x0000000710a00000, 0x0000000710c00000|  0%| F|  |TAMS 0x0000000710a00000| PB 0x0000000710a00000| Untracked 
|  92|0x0000000710c00000, 0x0000000710c00000, 0x0000000710e00000|  0%| F|  |TAMS 0x0000000710c00000| PB 0x0000000710c00000| Untracked 
|  93|0x0000000710e00000, 0x0000000710e00000, 0x0000000711000000|  0%| F|  |TAMS 0x0000000710e00000| PB 0x0000000710e00000| Untracked 
|  94|0x0000000711000000, 0x0000000711000000, 0x0000000711200000|  0%| F|  |TAMS 0x0000000711000000| PB 0x0000000711000000| Untracked 
|  95|0x0000000711200000, 0x0000000711200000, 0x0000000711400000|  0%| F|  |TAMS 0x0000000711200000| PB 0x0000000711200000| Untracked 
|  96|0x0000000711400000, 0x0000000711400000, 0x0000000711600000|  0%| F|  |TAMS 0x0000000711400000| PB 0x0000000711400000| Untracked 
|  97|0x0000000711600000, 0x0000000711600000, 0x0000000711800000|  0%| F|  |TAMS 0x0000000711600000| PB 0x0000000711600000| Untracked 
|  98|0x0000000711800000, 0x0000000711800000, 0x0000000711a00000|  0%| F|  |TAMS 0x0000000711800000| PB 0x0000000711800000| Untracked 
|  99|0x0000000711a00000, 0x0000000711a00000, 0x0000000711c00000|  0%| F|  |TAMS 0x0000000711a00000| PB 0x0000000711a00000| Untracked 
| 100|0x0000000711c00000, 0x0000000711c00000, 0x0000000711e00000|  0%| F|  |TAMS 0x0000000711c00000| PB 0x0000000711c00000| Untracked 
| 101|0x0000000711e00000, 0x0000000711e00000, 0x0000000712000000|  0%| F|  |TAMS 0x0000000711e00000| PB 0x0000000711e00000| Untracked 
| 102|0x0000000712000000, 0x0000000712000000, 0x0000000712200000|  0%| F|  |TAMS 0x0000000712000000| PB 0x0000000712000000| Untracked 
| 103|0x0000000712200000, 0x00000007123e94a0, 0x0000000712400000| 95%| E|  |TAMS 0x0000000712200000| PB 0x0000000712200000| Complete 
| 104|0x0000000712400000, 0x0000000712600000, 0x0000000712600000|100%| E|CS|TAMS 0x0000000712400000| PB 0x0000000712400000| Complete 
| 105|0x0000000712600000, 0x0000000712800000, 0x0000000712800000|100%| E|CS|TAMS 0x0000000712600000| PB 0x0000000712600000| Complete 
| 106|0x0000000712800000, 0x0000000712a00000, 0x0000000712a00000|100%| E|CS|TAMS 0x0000000712800000| PB 0x0000000712800000| Complete 
| 107|0x0000000712a00000, 0x0000000712bccef8, 0x0000000712c00000| 90%| S|CS|TAMS 0x0000000712a00000| PB 0x0000000712a00000| Complete 
| 108|0x0000000712c00000, 0x0000000712e00000, 0x0000000712e00000|100%| E|CS|TAMS 0x0000000712c00000| PB 0x0000000712c00000| Complete 
| 109|0x0000000712e00000, 0x0000000713000000, 0x0000000713000000|100%| E|CS|TAMS 0x0000000712e00000| PB 0x0000000712e00000| Complete 
| 110|0x0000000713000000, 0x0000000713200000, 0x0000000713200000|100%| E|CS|TAMS 0x0000000713000000| PB 0x0000000713000000| Complete 
| 111|0x0000000713200000, 0x0000000713400000, 0x0000000713400000|100%| E|CS|TAMS 0x0000000713200000| PB 0x0000000713200000| Complete 
| 112|0x0000000713400000, 0x0000000713600000, 0x0000000713600000|100%| E|CS|TAMS 0x0000000713400000| PB 0x0000000713400000| Complete 
| 113|0x0000000713600000, 0x0000000713800000, 0x0000000713800000|100%| E|CS|TAMS 0x0000000713600000| PB 0x0000000713600000| Complete 
| 114|0x0000000713800000, 0x0000000713a00000, 0x0000000713a00000|100%| E|CS|TAMS 0x0000000713800000| PB 0x0000000713800000| Complete 
| 115|0x0000000713a00000, 0x0000000713c00000, 0x0000000713c00000|100%| E|CS|TAMS 0x0000000713a00000| PB 0x0000000713a00000| Complete 
| 116|0x0000000713c00000, 0x0000000713e00000, 0x0000000713e00000|100%| E|CS|TAMS 0x0000000713c00000| PB 0x0000000713c00000| Complete 
| 117|0x0000000713e00000, 0x0000000714000000, 0x0000000714000000|100%| E|CS|TAMS 0x0000000713e00000| PB 0x0000000713e00000| Complete 
| 118|0x0000000714000000, 0x0000000714200000, 0x0000000714200000|100%| E|CS|TAMS 0x0000000714000000| PB 0x0000000714000000| Complete 
| 119|0x0000000714200000, 0x0000000714400000, 0x0000000714400000|100%| E|CS|TAMS 0x0000000714200000| PB 0x0000000714200000| Complete 
| 120|0x0000000714400000, 0x0000000714600000, 0x0000000714600000|100%| E|CS|TAMS 0x0000000714400000| PB 0x0000000714400000| Complete 
| 121|0x0000000714600000, 0x0000000714800000, 0x0000000714800000|100%| E|CS|TAMS 0x0000000714600000| PB 0x0000000714600000| Complete 
| 122|0x0000000714800000, 0x0000000714a00000, 0x0000000714a00000|100%| E|CS|TAMS 0x0000000714800000| PB 0x0000000714800000| Complete 
| 123|0x0000000714a00000, 0x0000000714c00000, 0x0000000714c00000|100%| E|CS|TAMS 0x0000000714a00000| PB 0x0000000714a00000| Complete 
| 124|0x0000000714c00000, 0x0000000714e00000, 0x0000000714e00000|100%| E|CS|TAMS 0x0000000714c00000| PB 0x0000000714c00000| Complete 
| 125|0x0000000714e00000, 0x0000000715000000, 0x0000000715000000|100%| E|CS|TAMS 0x0000000714e00000| PB 0x0000000714e00000| Complete 

Card table byte_map: [0x0000027571e10000,0x00000275725f0000] _byte_map_base: 0x000002756e5e6000

Marking Bits: (CMBitMap*) 0x00000275597527f0
 Bits: [0x00000275725f0000, 0x00000275764a0000)

Polling page: 0x00000275572c0000

Metaspace:

Usage:
  Non-class:     13.32 MB used.
      Class:      1.75 MB used.
       Both:     15.07 MB used.

Virtual space:
  Non-class space:       64.00 MB reserved,      13.50 MB ( 21%) committed,  1 nodes.
      Class space:        1.00 GB reserved,       1.88 MB ( <1%) committed,  1 nodes.
             Both:        1.06 GB reserved,      15.38 MB (  1%) committed. 

Chunk freelists:
   Non-Class:  2.17 MB
       Class:  13.98 MB
        Both:  16.15 MB

MaxMetaspaceSize: unlimited
CompressedClassSpaceSize: 1.00 GB
Initial GC threshold: 21.00 MB
Current GC threshold: 21.00 MB
CDS: on
 - commit_granule_bytes: 65536.
 - commit_granule_words: 8192.
 - virtual_space_node_default_size: 8388608.
 - enlarge_chunks_in_place: 1.
 - use_allocation_guard: 0.


Internal statistics:

num_allocs_failed_limit: 0.
num_arena_births: 170.
num_arena_deaths: 0.
num_vsnodes_births: 2.
num_vsnodes_deaths: 0.
num_space_committed: 246.
num_space_uncommitted: 0.
num_chunks_returned_to_freelist: 0.
num_chunks_taken_from_freelist: 652.
num_chunk_merges: 0.
num_chunk_splits: 473.
num_chunks_enlarged: 397.
num_inconsistent_stats: 0.

CodeHeap 'non-profiled nmethods': size=119168Kb used=1426Kb max_used=1426Kb free=117741Kb
 bounds [0x0000027569730000, 0x00000275699a0000, 0x0000027570b90000]
CodeHeap 'profiled nmethods': size=119104Kb used=7455Kb max_used=7455Kb free=111648Kb
 bounds [0x0000027561b90000, 0x00000275622e0000, 0x0000027568fe0000]
CodeHeap 'non-nmethods': size=7488Kb used=1962Kb max_used=3124Kb free=5525Kb
 bounds [0x0000027568fe0000, 0x00000275692f0000, 0x0000027569730000]
 total_blobs=4135 nmethods=3642 adapters=396
 compilation: enabled
              stopped_count=0, restarted_count=0
 full_count=0

Compilation events (20 events):
Event: 1.887 Thread 0x00000275799bf450 3617       3       org.eclipse.sisu.bean.LifecycleBuilder::addLifecycleMethods (140 bytes)
Event: 1.887 Thread 0x00000275798c03c0 nmethod 3612 0x000002756988f190 code [0x000002756988f320, 0x000002756988f3d0]
Event: 1.887 Thread 0x00000275799bf450 nmethod 3617 0x00000275622c2b90 code [0x00000275622c2de0, 0x00000275622c35b8]
Event: 1.888 Thread 0x000002757e20c2d0 3618       3       java.util.Arrays::binarySearch (15 bytes)
Event: 1.888 Thread 0x000002757e20bc20 3619       3       java.util.Arrays::binarySearch0 (72 bytes)
Event: 1.888 Thread 0x000002757e20c2d0 nmethod 3618 0x00000275622c3890 code [0x00000275622c3a40, 0x00000275622c3bc8]
Event: 1.888 Thread 0x000002757e20bc20 nmethod 3619 0x00000275622c3d10 code [0x00000275622c3ec0, 0x00000275622c4150]
Event: 1.889 Thread 0x00000275798c0e60 3620       3       java.util.StringTokenizer::scanToken (179 bytes)
Event: 1.889 Thread 0x000002757e20c2d0 3621       1       org.apache.maven.model.building.DefaultModelBuildingRequest::getModelCache (5 bytes)
Event: 1.889 Thread 0x00000275799bf450 3622       1       org.apache.maven.repository.internal.DefaultModelCache$Key::hashCode (5 bytes)
Event: 1.889 Thread 0x000002757e20c2d0 nmethod 3621 0x000002756988f490 code [0x000002756988f620, 0x000002756988f6f0]
Event: 1.889 Thread 0x00000275799bf450 nmethod 3622 0x000002756988f790 code [0x000002756988f920, 0x000002756988f9e8]
Event: 1.889 Thread 0x00000275798c0e60 nmethod 3620 0x00000275622c4290 code [0x00000275622c45a0, 0x00000275622c5858]
Event: 1.889 Thread 0x00000275798c03c0 3623   !   4       org.apache.maven.model.Dependency::clone (137 bytes)
Event: 1.889 Thread 0x00000275798c0e60 3624       1       org.apache.maven.model.building.ModelCacheTag$2::getName (3 bytes)
Event: 1.889 Thread 0x00000275798c0e60 nmethod 3624 0x000002756988fa90 code [0x000002756988fc20, 0x000002756988fcf0]
Event: 1.889 Thread 0x00000275799bf450 3625       3       java.util.LinkedHashMap$LinkedValues::iterator (16 bytes)
Event: 1.889 Thread 0x000002757e20c2d0 3626       3       java.util.LinkedHashMap$LinkedValueIterator::<init> (7 bytes)
Event: 1.889 Thread 0x00000275799bf450 nmethod 3625 0x00000275622c5f90 code [0x00000275622c6140, 0x00000275622c6358]
Event: 1.889 Thread 0x000002757e20c2d0 nmethod 3626 0x00000275622c6490 code [0x00000275622c6640, 0x00000275622c6778]

GC Heap History (4 events):
Event: 0.647 GC heap before
{Heap before GC invocations=0 (full 0):
 garbage-first heap   total 258048K, used 22528K [0x0000000705400000, 0x0000000800000000)
  region size 2048K, 11 young (22528K), 0 survivors (0K)
 Metaspace       used 5584K, committed 5824K, reserved 1114112K
  class space    used 638K, committed 768K, reserved 1048576K
}
Event: 0.649 GC heap after
{Heap after GC invocations=1 (full 0):
 garbage-first heap   total 258048K, used 3830K [0x0000000705400000, 0x0000000800000000)
  region size 2048K, 2 young (4096K), 2 survivors (4096K)
 Metaspace       used 5584K, committed 5824K, reserved 1114112K
  class space    used 638K, committed 768K, reserved 1048576K
}
Event: 1.059 GC heap before
{Heap before GC invocations=1 (full 0):
 garbage-first heap   total 258048K, used 34550K [0x0000000705400000, 0x0000000800000000)
  region size 2048K, 18 young (36864K), 2 survivors (4096K)
 Metaspace       used 9715K, committed 9856K, reserved 1114112K
  class space    used 1134K, committed 1216K, reserved 1048576K
}
Event: 1.062 GC heap after
{Heap after GC invocations=2 (full 0):
 garbage-first heap   total 258048K, used 5549K [0x0000000705400000, 0x0000000800000000)
  region size 2048K, 1 young (2048K), 1 survivors (2048K)
 Metaspace       used 9715K, committed 9856K, reserved 1114112K
  class space    used 1134K, committed 1216K, reserved 1048576K
}

Dll operation events (8 events):
Event: 0.007 Loaded shared library C:\Program Files\Java\jdk-21\bin\java.dll
Event: 0.035 Loaded shared library C:\Program Files\Java\jdk-21\bin\jsvml.dll
Event: 0.051 Loaded shared library C:\Program Files\Java\jdk-21\bin\net.dll
Event: 0.053 Loaded shared library C:\Program Files\Java\jdk-21\bin\nio.dll
Event: 0.056 Loaded shared library C:\Program Files\Java\jdk-21\bin\zip.dll
Event: 0.220 Loaded shared library C:\Program Files\Java\jdk-21\bin\jimage.dll
Event: 0.222 Loaded shared library C:\Program Files\maven-mvnd-1.0.3-windows-amd64\mvn\lib\jansi-native\Windows\x86_64\jansi.dll
Event: 0.240 Loaded shared library C:\Program Files\Java\jdk-21\bin\verify.dll

Deoptimization events (20 events):
Event: 1.735 Thread 0x00000275596ef760 Uncommon trap: trap_request=0xffffff45 fr.pc=0x000002756983aa7c relative=0x000000000000005c
Event: 1.735 Thread 0x00000275596ef760 Uncommon trap: reason=unstable_if action=reinterpret pc=0x000002756983aa7c method=org.codehaus.plexus.util.xml.pull.MXParser.isValidCodePoint(I)Z @ 3 c2
Event: 1.735 Thread 0x00000275596ef760 DEOPT PACKING pc=0x000002756983aa7c sp=0x0000007b791fdae0
Event: 1.735 Thread 0x00000275596ef760 DEOPT UNPACKING pc=0x00000275690346a2 sp=0x0000007b791fda70 mode 2
Event: 1.778 Thread 0x00000275596ef760 Uncommon trap: trap_request=0xffffff45 fr.pc=0x000002756973cc68 relative=0x00000000000001c8
Event: 1.778 Thread 0x00000275596ef760 Uncommon trap: reason=unstable_if action=reinterpret pc=0x000002756973cc68 method=java.lang.String.indexOf(II)I @ 4 c2
Event: 1.778 Thread 0x00000275596ef760 DEOPT PACKING pc=0x000002756973cc68 sp=0x0000007b791fdbd0
Event: 1.778 Thread 0x00000275596ef760 DEOPT UNPACKING pc=0x00000275690346a2 sp=0x0000007b791fdb00 mode 2
Event: 1.778 Thread 0x00000275596ef760 Uncommon trap: trap_request=0xffffff45 fr.pc=0x000002756976e308 relative=0x0000000000000628
Event: 1.778 Thread 0x00000275596ef760 Uncommon trap: reason=unstable_if action=reinterpret pc=0x000002756976e308 method=java.lang.String.substring(II)Ljava/lang/String; @ 31 c2
Event: 1.778 Thread 0x00000275596ef760 DEOPT PACKING pc=0x000002756976e308 sp=0x0000007b791fdb70
Event: 1.778 Thread 0x00000275596ef760 DEOPT UNPACKING pc=0x00000275690346a2 sp=0x0000007b791fdb40 mode 2
Event: 1.782 Thread 0x00000275596ef760 Uncommon trap: trap_request=0xffffff45 fr.pc=0x000002756985dfa4 relative=0x0000000000000564
Event: 1.782 Thread 0x00000275596ef760 Uncommon trap: reason=unstable_if action=reinterpret pc=0x000002756985dfa4 method=java.lang.String.indexOf(Ljava/lang/String;)I @ 10 c2
Event: 1.782 Thread 0x00000275596ef760 DEOPT PACKING pc=0x000002756985dfa4 sp=0x0000007b791fde80
Event: 1.782 Thread 0x00000275596ef760 DEOPT UNPACKING pc=0x00000275690346a2 sp=0x0000007b791fdd40 mode 2
Event: 1.874 Thread 0x00000275596ef760 Uncommon trap: trap_request=0xffffff45 fr.pc=0x000002756973bf1c relative=0x00000000000001fc
Event: 1.874 Thread 0x00000275596ef760 Uncommon trap: reason=unstable_if action=reinterpret pc=0x000002756973bf1c method=java.lang.String.indexOf(II)I @ 4 c2
Event: 1.874 Thread 0x00000275596ef760 DEOPT PACKING pc=0x000002756973bf1c sp=0x0000007b791fdd10
Event: 1.874 Thread 0x00000275596ef760 DEOPT UNPACKING pc=0x00000275690346a2 sp=0x0000007b791fdc98 mode 2

Classes loaded (20 events):
Event: 1.571 Loading class sun/nio/ch/FileLockImpl
Event: 1.571 Loading class sun/nio/ch/FileLockImpl done
Event: 1.571 Loading class sun/nio/ch/FileLockTable
Event: 1.572 Loading class sun/nio/ch/FileLockTable done
Event: 1.572 Loading class sun/nio/ch/FileKey
Event: 1.572 Loading class sun/nio/ch/FileKey done
Event: 1.572 Loading class sun/nio/ch/FileLockTable$FileLockReference
Event: 1.572 Loading class sun/nio/ch/FileLockTable$FileLockReference done
Event: 1.572 Loading class java/nio/channels/spi/AbstractInterruptibleChannel$1
Event: 1.572 Loading class sun/nio/ch/Interruptible
Event: 1.572 Loading class sun/nio/ch/Interruptible done
Event: 1.572 Loading class java/nio/channels/spi/AbstractInterruptibleChannel$1 done
Event: 1.573 Loading class java/util/AbstractMap$2
Event: 1.573 Loading class java/util/AbstractMap$2 done
Event: 1.573 Loading class java/util/AbstractMap$2$1
Event: 1.573 Loading class java/util/AbstractMap$2$1 done
Event: 1.626 Loading class java/util/StringTokenizer
Event: 1.626 Loading class java/util/StringTokenizer done
Event: 1.661 Loading class java/util/stream/Streams$RangeIntSpliterator
Event: 1.661 Loading class java/util/stream/Streams$RangeIntSpliterator done

Classes unloaded (0 events):
No events

Classes redefined (0 events):
No events

Internal exceptions (20 events):
Event: 1.146 Thread 0x00000275596ef760 Exception <a 'java/lang/NoSuchMethodError'{0x0000000714b8b6a8}: 'long java.lang.invoke.DirectMethodHandle$Holder.invokeStatic(java.lang.Object, java.lang.Object, int)'> (0x0000000714b8b6a8) 
thrown [s\open\src\hotspot\share\interpreter\linkResolver.cpp, line 773]
Event: 1.147 Thread 0x00000275596ef760 Exception <a 'java/lang/NoSuchMethodError'{0x0000000714b9e780}: 'java.lang.Object java.lang.invoke.DirectMethodHandle$Holder.invokeStatic(java.lang.Object, java.lang.Object, java.lang.Object, java.lang.Object, int)'> (0x0000000714b9e780) 
thrown [s\open\src\hotspot\share\interpreter\linkResolver.cpp, line 773]
Event: 1.148 Thread 0x00000275596ef760 Exception <a 'java/lang/NoSuchMethodError'{0x0000000714ba66b8}: 'java.lang.Object java.lang.invoke.DirectMethodHandle$Holder.invokeSpecial(java.lang.Object, java.lang.Object, java.lang.Object, java.lang.Object, long)'> (0x0000000714ba66b8) 
thrown [s\open\src\hotspot\share\interpreter\linkResolver.cpp, line 773]
Event: 1.148 Thread 0x00000275596ef760 Exception <a 'java/lang/NoSuchMethodError'{0x0000000714bb1f80}: 'java.lang.Object java.lang.invoke.DirectMethodHandle$Holder.invokeSpecial(java.lang.Object, java.lang.Object, java.lang.Object, int, java.lang.Object)'> (0x0000000714bb1f80) 
thrown [s\open\src\hotspot\share\interpreter\linkResolver.cpp, line 773]
Event: 1.149 Thread 0x00000275596ef760 Exception <a 'java/lang/NoSuchMethodError'{0x0000000714bba0c0}: 'int java.lang.invoke.DirectMethodHandle$Holder.invokeSpecial(java.lang.Object, java.lang.Object, java.lang.Object, int)'> (0x0000000714bba0c0) 
thrown [s\open\src\hotspot\share\interpreter\linkResolver.cpp, line 773]
Event: 1.151 Thread 0x00000275596ef760 Implicit null exception at 0x00000275697c095d to 0x00000275697c0b68
Event: 1.152 Thread 0x00000275596ef760 Exception <a 'java/lang/NoSuchMethodError'{0x0000000714bde8a8}: 'java.lang.Object java.lang.invoke.Invokers$Holder.invokeExact_MT(java.lang.Object, int, java.lang.Object)'> (0x0000000714bde8a8) 
thrown [s\open\src\hotspot\share\interpreter\linkResolver.cpp, line 773]
Event: 1.295 Thread 0x00000275596ef760 Exception <a 'java/lang/NoSuchMethodError'{0x0000000714032808}: 'void java.lang.invoke.Invokers$Holder.invokeExact_MT(java.lang.Object, java.lang.Object, java.lang.Object, java.lang.Object)'> (0x0000000714032808) 
thrown [s\open\src\hotspot\share\interpreter\linkResolver.cpp, line 773]
Event: 1.307 Thread 0x00000275596ef760 Exception <a 'java/lang/NoClassDefFoundError'{0x00000007140c2198}: com/google/inject/servlet/ServletModuleTargetVisitor> (0x00000007140c2198) 
thrown [s\open\src\hotspot\share\classfile\systemDictionary.cpp, line 301]
Event: 1.364 Thread 0x00000275596ef760 Exception <a 'java/lang/NoSuchMethodError'{0x0000000713e836c8}: 'void java.lang.invoke.DirectMethodHandle$Holder.invokeVirtual(java.lang.Object, java.lang.Object)'> (0x0000000713e836c8) 
thrown [s\open\src\hotspot\share\interpreter\linkResolver.cpp, line 773]
Event: 1.407 Thread 0x00000275596ef760 Exception <a 'java/lang/NoSuchMethodError'{0x0000000713f02b90}: 'java.lang.Object java.lang.invoke.DirectMethodHandle$Holder.invokeStaticInit(java.lang.Object, int, int, int, int)'> (0x0000000713f02b90) 
thrown [s\open\src\hotspot\share\interpreter\linkResolver.cpp, line 773]
Event: 1.500 Thread 0x00000275596ef760 Exception <a 'java/io/FileNotFoundException'{0x0000000713a8b328}> (0x0000000713a8b328) 
thrown [s\open\src\hotspot\share\prims\jni.cpp, line 520]
Event: 1.543 Thread 0x00000275596ef760 Implicit null exception at 0x0000027569781124 to 0x000002756978179c
Event: 1.543 Thread 0x00000275596ef760 Implicit null exception at 0x000002756975da20 to 0x000002756975e08c
Event: 1.580 Thread 0x00000275596ef760 Exception <a 'java/lang/NoSuchMethodError'{0x00000007138cc778}: 'void java.lang.invoke.DirectMethodHandle$Holder.invokeSpecial(java.lang.Object, java.lang.Object, java.lang.Object, java.lang.Object, java.lang.Object)'> (0x00000007138cc778) 
thrown [s\open\src\hotspot\share\interpreter\linkResolver.cpp, line 773]
Event: 1.583 Thread 0x00000275596ef760 Exception <a 'java/lang/NoSuchMethodError'{0x00000007138e69f0}: 'void java.lang.invoke.DirectMethodHandle$Holder.invokeSpecial(java.lang.Object, java.lang.Object, java.lang.Object, java.lang.Object, java.lang.Object, java.lang.Object)'> (0x00000007138e69f0) 
thrown [s\open\src\hotspot\share\interpreter\linkResolver.cpp, line 773]
Event: 1.595 Thread 0x00000275596ef760 Exception <a 'java/lang/NoSuchMethodError'{0x00000007139d5ca8}: 'java.lang.Object java.lang.invoke.DirectMethodHandle$Holder.invokeVirtual(java.lang.Object, java.lang.Object, java.lang.Object)'> (0x00000007139d5ca8) 
thrown [s\open\src\hotspot\share\interpreter\linkResolver.cpp, line 773]
Event: 1.635 Thread 0x00000275596ef760 Exception <a 'java/lang/NoSuchMethodError'{0x000000071373d548}: 'void java.lang.invoke.DirectMethodHandle$Holder.invokeVirtual(java.lang.Object, java.lang.Object, int)'> (0x000000071373d548) 
thrown [s\open\src\hotspot\share\interpreter\linkResolver.cpp, line 773]
Event: 1.636 Thread 0x00000275596ef760 Exception <a 'java/lang/NoSuchMethodError'{0x00000007137412f8}: 'void java.lang.invoke.DirectMethodHandle$Holder.invokeSpecial(java.lang.Object, java.lang.Object, java.lang.Object, int)'> (0x00000007137412f8) 
thrown [s\open\src\hotspot\share\interpreter\linkResolver.cpp, line 773]
Event: 1.636 Thread 0x00000275596ef760 Exception <a 'java/lang/NoSuchMethodError'{0x00000007137449c8}: 'void java.lang.invoke.DelegatingMethodHandle$Holder.reinvoke_L(java.lang.Object, java.lang.Object, int)'> (0x00000007137449c8) 
thrown [s\open\src\hotspot\share\interpreter\linkResolver.cpp, line 773]

ZGC Phase Switch (0 events):
No events

VM Operations (20 events):
Event: 1.234 Executing VM operation: ICBufferFull
Event: 1.235 Executing VM operation: ICBufferFull done
Event: 1.292 Executing VM operation: HandshakeAllThreads (Deoptimize)
Event: 1.292 Executing VM operation: HandshakeAllThreads (Deoptimize) done
Event: 1.374 Executing VM operation: HandshakeAllThreads (Deoptimize)
Event: 1.374 Executing VM operation: HandshakeAllThreads (Deoptimize) done
Event: 1.430 Executing VM operation: HandshakeAllThreads (Deoptimize)
Event: 1.430 Executing VM operation: HandshakeAllThreads (Deoptimize) done
Event: 1.446 Executing VM operation: ICBufferFull
Event: 1.446 Executing VM operation: ICBufferFull done
Event: 1.465 Executing VM operation: HandshakeAllThreads (Deoptimize)
Event: 1.465 Executing VM operation: HandshakeAllThreads (Deoptimize) done
Event: 1.507 Executing VM operation: HandshakeAllThreads (Deoptimize)
Event: 1.507 Executing VM operation: HandshakeAllThreads (Deoptimize) done
Event: 1.509 Executing VM operation: HandshakeAllThreads (Deoptimize)
Event: 1.509 Executing VM operation: HandshakeAllThreads (Deoptimize) done
Event: 1.766 Executing VM operation: ICBufferFull
Event: 1.766 Executing VM operation: ICBufferFull done
Event: 2.767 Executing VM operation: Cleanup
Event: 2.767 Executing VM operation: Cleanup done

Events (19 events):
Event: 0.020 Thread 0x00000275596ef760 Thread added: 0x00000275596ef760
Event: 0.032 Thread 0x0000027579768b60 Thread added: 0x0000027579768b60
Event: 0.032 Thread 0x00000275797697c0 Thread added: 0x00000275797697c0
Event: 0.032 Thread 0x000002757976e340 Thread added: 0x000002757976e340
Event: 0.032 Thread 0x000002757976eda0 Thread added: 0x000002757976eda0
Event: 0.032 Thread 0x000002757976f800 Thread added: 0x000002757976f800
Event: 0.033 Thread 0x000002757977a280 Thread added: 0x000002757977a280
Event: 0.033 Thread 0x00000275798c03c0 Thread added: 0x00000275798c03c0
Event: 0.033 Thread 0x00000275798c0e60 Thread added: 0x00000275798c0e60
Event: 0.042 Thread 0x00000275799bf450 Thread added: 0x00000275799bf450
Event: 0.045 Thread 0x0000027579accaa0 Thread added: 0x0000027579accaa0
Event: 0.048 Thread 0x0000027579ad1970 Thread added: 0x0000027579ad1970
Event: 0.218 Thread 0x000002757e122830 Thread added: 0x000002757e122830
Event: 0.232 Thread 0x000002757e122830 Thread exited: 0x000002757e122830
Event: 0.359 Thread 0x000002757e20bc20 Thread added: 0x000002757e20bc20
Event: 0.360 Thread 0x000002757e20c2d0 Thread added: 0x000002757e20c2d0
Event: 0.375 Thread 0x000002757e28feb0 Thread added: 0x000002757e28feb0
Event: 0.639 Thread 0x000002757e988270 Thread added: 0x000002757e988270
Event: 1.480 Thread 0x000002757eec0ca0 Thread added: 0x000002757eec0ca0


Dynamic libraries:
0x00007ff720450000 - 0x00007ff720460000 	C:\Program Files\Java\jdk-21\bin\java.exe
0x00007ffb66740000 - 0x00007ffb669a7000 	C:\WINDOWS\SYSTEM32\ntdll.dll
0x00007ffb64d90000 - 0x00007ffb64e59000 	C:\WINDOWS\System32\KERNEL32.DLL
0x00007ffb63b30000 - 0x00007ffb63f1f000 	C:\WINDOWS\System32\KERNELBASE.dll
0x00007ffb64150000 - 0x00007ffb6429b000 	C:\WINDOWS\System32\ucrtbase.dll
0x00007ffb39510000 - 0x00007ffb3952b000 	C:\Program Files\Java\jdk-21\bin\VCRUNTIME140.dll
0x00007ffb31570000 - 0x00007ffb31589000 	C:\Program Files\Java\jdk-21\bin\jli.dll
0x00007ffb652a0000 - 0x00007ffb65354000 	C:\WINDOWS\System32\ADVAPI32.dll
0x00007ffb64f60000 - 0x00007ffb65009000 	C:\WINDOWS\System32\msvcrt.dll
0x00007ffb64750000 - 0x00007ffb647f6000 	C:\WINDOWS\System32\sechost.dll
0x00007ffb645e0000 - 0x00007ffb646f8000 	C:\WINDOWS\System32\RPCRT4.dll
0x00007ffb64a00000 - 0x00007ffb64bc5000 	C:\WINDOWS\System32\USER32.dll
0x00007ffb644b0000 - 0x00007ffb644d7000 	C:\WINDOWS\System32\win32u.dll
0x00007ffb48230000 - 0x00007ffb484c3000 	C:\WINDOWS\WinSxS\amd64_microsoft.windows.common-controls_6595b64144ccf1df_6.0.26100.7309_none_3e05feeae336a044\COMCTL32.dll
0x00007ffb666d0000 - 0x00007ffb666fb000 	C:\WINDOWS\System32\GDI32.dll
0x00007ffb63890000 - 0x00007ffb639bc000 	C:\WINDOWS\System32\gdi32full.dll
0x00007ffb639c0000 - 0x00007ffb63a63000 	C:\WINDOWS\System32\msvcp_win.dll
0x00007ffb5b680000 - 0x00007ffb5b68b000 	C:\WINDOWS\SYSTEM32\VERSION.dll
0x00007ffb644e0000 - 0x00007ffb64511000 	C:\WINDOWS\System32\IMM32.DLL
0x00007ffb601f0000 - 0x00007ffb601fc000 	C:\Program Files\Java\jdk-21\bin\vcruntime140_1.dll
0x00007ffb273f0000 - 0x00007ffb2747e000 	C:\Program Files\Java\jdk-21\bin\msvcp140.dll
0x00007ffae3b90000 - 0x00007ffae48ad000 	C:\Program Files\Java\jdk-21\bin\server\jvm.dll
0x00007ffb64d10000 - 0x00007ffb64d84000 	C:\WINDOWS\System32\WS2_32.dll
0x00007ffb624a0000 - 0x00007ffb624fe000 	C:\WINDOWS\SYSTEM32\POWRPROF.dll
0x00007ffb55f10000 - 0x00007ffb55f45000 	C:\WINDOWS\SYSTEM32\WINMM.dll
0x00007ffb62480000 - 0x00007ffb62494000 	C:\WINDOWS\SYSTEM32\UMPDC.dll
0x00007ffb62760000 - 0x00007ffb6277b000 	C:\WINDOWS\SYSTEM32\kernel.appcore.dll
0x00007ffb583a0000 - 0x00007ffb583aa000 	C:\Program Files\Java\jdk-21\bin\jimage.dll
0x00007ffb61000000 - 0x00007ffb61242000 	C:\WINDOWS\SYSTEM32\DBGHELP.DLL
0x00007ffb65c70000 - 0x00007ffb65ff6000 	C:\WINDOWS\System32\combase.dll
0x00007ffb64bd0000 - 0x00007ffb64ca6000 	C:\WINDOWS\System32\OLEAUT32.dll
0x00007ffb2c6f0000 - 0x00007ffb2c72c000 	C:\WINDOWS\SYSTEM32\dbgcore.DLL
0x00007ffb63f30000 - 0x00007ffb63fd5000 	C:\WINDOWS\System32\bcryptPrimitives.dll
0x00007ffb2a520000 - 0x00007ffb2a53f000 	C:\Program Files\Java\jdk-21\bin\java.dll
0x00007ffb65510000 - 0x00007ffb65c63000 	C:\WINDOWS\System32\SHELL32.dll
0x00007ffb63fe0000 - 0x00007ffb6414a000 	C:\WINDOWS\System32\wintypes.dll
0x00007ffb61480000 - 0x00007ffb61cde000 	C:\WINDOWS\SYSTEM32\windows.storage.dll
0x00007ffb64e60000 - 0x00007ffb64f54000 	C:\WINDOWS\System32\SHCORE.dll
0x00007ffb64980000 - 0x00007ffb649e6000 	C:\WINDOWS\System32\shlwapi.dll
0x00007ffb637b0000 - 0x00007ffb637d9000 	C:\WINDOWS\SYSTEM32\profapi.dll
0x00007ffb1d840000 - 0x00007ffb1d917000 	C:\Program Files\Java\jdk-21\bin\jsvml.dll
0x00007ffb50d40000 - 0x00007ffb50d50000 	C:\Program Files\Java\jdk-21\bin\net.dll
0x00007ffb5c060000 - 0x00007ffb5c188000 	C:\WINDOWS\SYSTEM32\WINHTTP.dll
0x00007ffb62cd0000 - 0x00007ffb62d3b000 	C:\WINDOWS\system32\mswsock.dll
0x00007ffb27670000 - 0x00007ffb27686000 	C:\Program Files\Java\jdk-21\bin\nio.dll
0x00007ffb254b0000 - 0x00007ffb254c8000 	C:\Program Files\Java\jdk-21\bin\zip.dll
0x00007ffb23f60000 - 0x00007ffb23f84000 	C:\Program Files\maven-mvnd-1.0.3-windows-amd64\mvn\lib\jansi-native\Windows\x86_64\jansi.dll
0x00007ffb60210000 - 0x00007ffb60220000 	C:\Program Files\Java\jdk-21\bin\verify.dll

dbghelp: loaded successfully - version: 4.0.5 - missing functions: none
symbol engine: initialized successfully - sym options: 0x614 - pdb path: .;C:\Program Files\Java\jdk-21\bin;C:\WINDOWS\SYSTEM32;C:\WINDOWS\WinSxS\amd64_microsoft.windows.common-controls_6595b64144ccf1df_6.0.26100.7309_none_3e05feeae336a044;C:\Program Files\Java\jdk-21\bin\server;C:\Program Files\maven-mvnd-1.0.3-windows-amd64\mvn\lib\jansi-native\Windows\x86_64

VM Arguments:
jvm_args: --enable-native-access=ALL-UNNAMED -Dclassworlds.conf=C:\Program Files\maven-mvnd-1.0.3-windows-amd64\mvn\bin\m2.conf -Dmaven.home=C:\Program Files\maven-mvnd-1.0.3-windows-amd64\mvn -Dlibrary.jansi.path=C:\Program Files\maven-mvnd-1.0.3-windows-amd64\mvn\lib\jansi-native -Dmaven.multiModuleProjectDirectory=C:\Users\xplic\Documents\vscode\datarango\messaging 
java_command: org.codehaus.plexus.classworlds.launcher.Launcher cleans
java_class_path (initial): C:\Program Files\maven-mvnd-1.0.3-windows-amd64\mvn\boot\plexus-classworlds-2.9.0.jar
Launcher Type: SUN_STANDARD

[Global flags]
     intx CICompilerCount                          = 12                                        {product} {ergonomic}
     uint ConcGCThreads                            = 4                                         {product} {ergonomic}
     uint G1ConcRefinementThreads                  = 15                                        {product} {ergonomic}
   size_t G1HeapRegionSize                         = 2097152                                   {product} {ergonomic}
    uintx GCDrainStackTargetSize                   = 64                                        {product} {ergonomic}
   size_t InitialHeapSize                          = 264241152                                 {product} {ergonomic}
   size_t MarkStackSize                            = 4194304                                   {product} {ergonomic}
   size_t MaxHeapSize                              = 4206886912                                {product} {ergonomic}
   size_t MaxNewSize                               = 2522873856                                {product} {ergonomic}
   size_t MinHeapDeltaBytes                        = 2097152                                   {product} {ergonomic}
   size_t MinHeapSize                              = 8388608                                   {product} {ergonomic}
    uintx NonNMethodCodeHeapSize                   = 7602480                                {pd product} {ergonomic}
    uintx NonProfiledCodeHeapSize                  = 122027880                              {pd product} {ergonomic}
    uintx ProfiledCodeHeapSize                     = 122027880                              {pd product} {ergonomic}
    uintx ReservedCodeCacheSize                    = 251658240                              {pd product} {ergonomic}
     bool SegmentedCodeCache                       = true                                      {product} {ergonomic}
   size_t SoftMaxHeapSize                          = 4206886912                             {manageable} {ergonomic}
     bool UseCompressedOops                        = true                           {product lp64_product} {ergonomic}
     bool UseG1GC                                  = true                                      {product} {ergonomic}
     bool UseLargePagesIndividualAllocation        = false                                  {pd product} {ergonomic}

Logging:
Log output configuration:
 #0: stdout all=warning uptime,level,tags foldmultilines=false
 #1: stderr all=off uptime,level,tags foldmultilines=false

Environment Variables:
PATH=C:\Python314\Scripts\;C:\Python314\;C:\Program Files\Common Files\Oracle\Java\javapath;C:\Python314\Scripts\;C:\Python314\;C:\Program Files\Common Files\Oracle\Java\javapath;C:\Python314\Scripts\;C:\Python314\;C:\Program Files\Common Files\Oracle\Java\javapath;C:\WINDOWS\System32;%JAVA_HOME%\bin;C:\Program Files\nodejs\;%JAVA_HOME%\bin;C:\Program Files\nodejs\;%JAVA_HOME%\bin;C:\Program Files\nodejs\;c:\Users\xplic\AppData\Local\Programs\Trae\bin;C:\Users\xplic\AppData\Local\pnpm;C:\Users\xplic\.cargo\bin;C:\Users\xplic\AppData\Local\Microsoft\WindowsApps;C:\Users\xplic\.dotnet\tools;C:\Users\xplic\AppData\Local\Programs\cursor\resources\app\bin;C:\Users\xplic\go\bin;C:\Users\xplic\platform-tools;C:\Users\xplic\AppData\Local\Microsoft\WinGet\Packages\Task.Task_Microsoft.Winget.Source_8wekyb3d8bbwe;C:\Users\xplic\AppData\Local\Programs\Microsoft VS Code\bin;C:\Users\xplic\AppData\Local\Microsoft\WindowsApps\PythonSoftwareFoundation.Python.3.12_qbz5n2kfra8p0\python.exe;C:\Users\xplic\AppData\Local\Packages\PythonSoftwareFoundation.Python.3.12_qbz5n2kfra8p0\LocalCache\local-packages\Python312\Scripts;C:\Program Files\PostgreSQL\18\bin;C:\Users\xplic\AppData\Local\Microsoft\WinGet\Packages\Google.Protobuf_Microsoft.Winget.Source_8wekyb3d8bbwe\bin;C:\Users\xplic\.dotnet\tools;C:\Program Files\maven-mvnd-1.0.3-windows-amd64\bin;C:\Program Files\maven-mvnd-1.0.3-windows-amd64\mvn\bin;C:\ProgramData\chocolatey\bin;C:\Program Files\Java\jdk-21\bin;C:\Program Files\Git\bin;C:\Users\xplic\AppData\Roaming\npm
USERNAME=xplic
LANG=en_US.UTF-8
OS=Windows_NT
PROCESSOR_IDENTIFIER=Intel64 Family 6 Model 154 Stepping 3, GenuineIntel
TMP=C:\Users\xplic\AppData\Local\Temp
TEMP=C:\Users\xplic\AppData\Local\Temp




Periodic native trim disabled

---------------  S Y S T E M  ---------------

OS:
 Windows 11 , 64 bit Build 26100 (10.0.26100.7309)
OS uptime: 0 days 17:10 hours
Hyper-V role detected

CPU: total 20 (initial active 20) (10 cores per cpu, 2 threads per core) family 6 model 154 stepping 3 microcode 0x423, cx8, cmov, fxsr, ht, mmx, 3dnowpref, sse, sse2, sse3, ssse3, sse4.1, sse4.2, popcnt, lzcnt, tsc, tscinvbit, avx, avx2, aes, erms, clmul, bmi1, bmi2, adx, sha, fma, vzeroupper, clflush, clflushopt, clwb, hv, serialize, rdtscp, rdpid, fsrm, f16c, cet_ibt, cet_ss
Processor Information for processor 0
  Max Mhz: 2300, Current Mhz: 2300, Mhz Limit: 2300
Processor Information for processor 1
  Max Mhz: 2300, Current Mhz: 2300, Mhz Limit: 2300
Processor Information for processor 2
  Max Mhz: 2300, Current Mhz: 2300, Mhz Limit: 2300
Processor Information for processor 3
  Max Mhz: 2300, Current Mhz: 2300, Mhz Limit: 2300
Processor Information for processor 4
  Max Mhz: 2300, Current Mhz: 2300, Mhz Limit: 2300
Processor Information for processor 5
  Max Mhz: 2300, Current Mhz: 2300, Mhz Limit: 2300
Processor Information for processor 6
  Max Mhz: 2300, Current Mhz: 2300, Mhz Limit: 2300
Processor Information for processor 7
  Max Mhz: 2300, Current Mhz: 2300, Mhz Limit: 2300
Processor Information for processor 8
  Max Mhz: 2300, Current Mhz: 2300, Mhz Limit: 2300
Processor Information for processor 9
  Max Mhz: 2300, Current Mhz: 2300, Mhz Limit: 2300
Processor Information for processor 10
  Max Mhz: 2300, Current Mhz: 2300, Mhz Limit: 2300
Processor Information for processor 11
  Max Mhz: 2300, Current Mhz: 2300, Mhz Limit: 2300
Processor Information for processor 12
  Max Mhz: 2300, Current Mhz: 1700, Mhz Limit: 1679
Processor Information for processor 13
  Max Mhz: 2300, Current Mhz: 1700, Mhz Limit: 1679
Processor Information for processor 14
  Max Mhz: 2300, Current Mhz: 1700, Mhz Limit: 1679
Processor Information for processor 15
  Max Mhz: 2300, Current Mhz: 1700, Mhz Limit: 1679
Processor Information for processor 16
  Max Mhz: 2300, Current Mhz: 1700, Mhz Limit: 1679
Processor Information for processor 17
  Max Mhz: 2300, Current Mhz: 1700, Mhz Limit: 1679
Processor Information for processor 18
  Max Mhz: 2300, Current Mhz: 1700, Mhz Limit: 1679
Processor Information for processor 19
  Max Mhz: 2300, Current Mhz: 1700, Mhz Limit: 1679

Memory: 4k page, system-wide physical 16044M (647M free)
TotalPageFile size 65196M (AvailPageFile size 11M)
current process WorkingSet (physical memory assigned to process): 139M, peak: 139M
current process commit charge ("private bytes"): 399M, peak: 399M

vm_info: Java HotSpot(TM) 64-Bit Server VM (21.0.9+7-LTS-338) for windows-amd64 JRE (21.0.9+7-LTS-338), built on 2025-09-26T06:33:49Z by "mach5run" with MS VC++ 17.6 (VS2022)

END.
